TN:
SF:components/WebRTCVideo.tsx
FN:17,(anonymous_6)
FN:26,(anonymous_7)
FN:40,(anonymous_8)
FN:71,(anonymous_9)
FN:79,(anonymous_10)
FN:86,(anonymous_11)
FN:87,(anonymous_12)
FN:92,(anonymous_13)
FN:97,(anonymous_14)
FN:109,(anonymous_15)
FN:117,(anonymous_16)
FN:122,(anonymous_17)
FN:128,(anonymous_18)
FN:131,(anonymous_19)
FN:135,(anonymous_20)
FN:150,(anonymous_21)
FN:207,(anonymous_22)
FN:243,(anonymous_23)
FNF:18
FNH:0
FNDA:0,(anonymous_6)
FNDA:0,(anonymous_7)
FNDA:0,(anonymous_8)
FNDA:0,(anonymous_9)
FNDA:0,(anonymous_10)
FNDA:0,(anonymous_11)
FNDA:0,(anonymous_12)
FNDA:0,(anonymous_13)
FNDA:0,(anonymous_14)
FNDA:0,(anonymous_15)
FNDA:0,(anonymous_16)
FNDA:0,(anonymous_17)
FNDA:0,(anonymous_18)
FNDA:0,(anonymous_19)
FNDA:0,(anonymous_20)
FNDA:0,(anonymous_21)
FNDA:0,(anonymous_22)
FNDA:0,(anonymous_23)
DA:5,0
DA:6,0
DA:17,0
DA:25,0
DA:26,0
DA:27,0
DA:28,0
DA:29,0
DA:30,0
DA:31,0
DA:34,0
DA:40,0
DA:41,0
DA:43,0
DA:44,0
DA:46,0
DA:47,0
DA:48,0
DA:49,0
DA:51,0
DA:52,0
DA:55,0
DA:57,0
DA:58,0
DA:59,0
DA:62,0
DA:63,0
DA:64,0
DA:67,0
DA:71,0
DA:72,0
DA:73,0
DA:74,0
DA:75,0
DA:79,0
DA:80,0
DA:81,0
DA:82,0
DA:86,0
DA:87,0
DA:88,0
DA:89,0
DA:92,0
DA:93,0
DA:94,0
DA:97,0
DA:98,0
DA:99,0
DA:100,0
DA:101,0
DA:105,0
DA:106,0
DA:107,0
DA:109,0
DA:110,0
DA:111,0
DA:112,0
DA:117,0
DA:118,0
DA:119,0
DA:122,0
DA:123,0
DA:128,0
DA:129,0
DA:131,0
DA:132,0
DA:133,0
DA:134,0
DA:135,0
DA:136,0
DA:137,0
DA:146,0
DA:150,0
DA:154,0
DA:207,0
DA:227,0
DA:243,0
DA:269,0
LF:78
LH:0
BRDA:19,0,0,0
BRDA:20,1,0,0
BRDA:21,2,0,0
BRDA:23,3,0,0
BRDA:41,4,0,0
BRDA:41,4,1,0
BRDA:41,5,0,0
BRDA:41,5,1,0
BRDA:51,6,0,0
BRDA:51,6,1,0
BRDA:57,7,0,0
BRDA:57,7,1,0
BRDA:62,8,0,0
BRDA:62,8,1,0
BRDA:62,9,0,0
BRDA:62,9,1,0
BRDA:74,10,0,0
BRDA:74,10,1,0
BRDA:100,11,0,0
BRDA:100,11,1,0
BRDA:118,12,0,0
BRDA:118,12,1,0
BRDA:118,13,0,0
BRDA:118,13,1,0
BRDA:129,14,0,0
BRDA:129,14,1,0
BRDA:129,15,0,0
BRDA:129,15,1,0
BRDA:134,16,0,0
BRDA:134,16,1,0
BRDA:136,17,0,0
BRDA:136,17,1,0
BRDA:136,18,0,0
BRDA:136,18,1,0
BRDA:138,19,0,0
BRDA:138,19,1,0
BRDA:139,20,0,0
BRDA:139,20,1,0
BRDA:140,21,0,0
BRDA:140,21,1,0
BRDA:154,22,0,0
BRDA:154,22,1,0
BRDA:166,23,0,0
BRDA:169,24,0,0
BRDA:175,25,0,0
BRDA:186,26,0,0
BRDA:202,27,0,0
BRDA:205,28,0,0
BRDA:205,28,1,0
BRDA:217,29,0,0
BRDA:227,30,0,0
BRDA:227,30,1,0
BRDA:227,31,0,0
BRDA:227,31,1,0
BRF:54
BRH:0
end_of_record
TN:
SF:components/theme-provider.tsx
FN:9,ThemeProvider
FNF:1
FNH:0
FNDA:0,ThemeProvider
DA:3,0
DA:7,0
DA:9,0
LF:3
LH:0
BRF:0
BRH:0
end_of_record
TN:
SF:components/developer/WebSocketDebugPanel.tsx
FN:39,WebSocketDebugPanel
FN:41,(anonymous_7)
FN:55,(anonymous_8)
FN:63,(anonymous_9)
FN:67,(anonymous_10)
FN:68,(anonymous_11)
FN:73,(anonymous_12)
FN:77,(anonymous_13)
FN:81,(anonymous_14)
FN:90,(anonymous_15)
FN:99,(anonymous_16)
FN:110,(anonymous_17)
FN:116,(anonymous_18)
FN:132,(anonymous_19)
FN:143,(anonymous_20)
FN:148,(anonymous_21)
FN:163,(anonymous_22)
FN:178,(anonymous_23)
FN:231,(anonymous_24)
FN:262,(anonymous_25)
FN:265,(anonymous_26)
FN:276,(anonymous_27)
FN:296,(anonymous_28)
FN:321,(anonymous_29)
FN:328,(anonymous_30)
FN:335,(anonymous_31)
FN:344,(anonymous_32)
FN:352,(anonymous_33)
FN:374,(anonymous_34)
FNF:29
FNH:0
FNDA:0,WebSocketDebugPanel
FNDA:0,(anonymous_7)
FNDA:0,(anonymous_8)
FNDA:0,(anonymous_9)
FNDA:0,(anonymous_10)
FNDA:0,(anonymous_11)
FNDA:0,(anonymous_12)
FNDA:0,(anonymous_13)
FNDA:0,(anonymous_14)
FNDA:0,(anonymous_15)
FNDA:0,(anonymous_16)
FNDA:0,(anonymous_17)
FNDA:0,(anonymous_18)
FNDA:0,(anonymous_19)
FNDA:0,(anonymous_20)
FNDA:0,(anonymous_21)
FNDA:0,(anonymous_22)
FNDA:0,(anonymous_23)
FNDA:0,(anonymous_24)
FNDA:0,(anonymous_25)
FNDA:0,(anonymous_26)
FNDA:0,(anonymous_27)
FNDA:0,(anonymous_28)
FNDA:0,(anonymous_29)
FNDA:0,(anonymous_30)
FNDA:0,(anonymous_31)
FNDA:0,(anonymous_32)
FNDA:0,(anonymous_33)
FNDA:0,(anonymous_34)
DA:3,0
DA:4,0
DA:5,0
DA:6,0
DA:7,0
DA:8,0
DA:9,0
DA:10,0
DA:11,0
DA:12,0
DA:26,0
DA:28,0
DA:29,0
DA:39,0
DA:40,0
DA:41,0
DA:47,0
DA:48,0
DA:49,0
DA:50,0
DA:51,0
DA:52,0
DA:55,0
DA:56,0
DA:63,0
DA:67,0
DA:68,0
DA:69,0
DA:70,0
DA:73,0
DA:74,0
DA:77,0
DA:78,0
DA:81,0
DA:82,0
DA:85,0
DA:86,0
DA:87,0
DA:88,0
DA:90,0
DA:91,0
DA:92,0
DA:93,0
DA:94,0
DA:99,0
DA:100,0
DA:101,0
DA:102,0
DA:103,0
DA:105,0
DA:110,0
DA:111,0
DA:112,0
DA:116,0
DA:117,0
DA:118,0
DA:119,0
DA:120,0
DA:123,0
DA:124,0
DA:125,0
DA:127,0
DA:132,0
DA:133,0
DA:134,0
DA:135,0
DA:136,0
DA:138,0
DA:143,0
DA:144,0
DA:148,0
DA:149,0
DA:151,0
DA:154,0
DA:156,0
DA:158,0
DA:163,0
DA:164,0
DA:178,0
DA:179,0
DA:180,0
DA:231,0
DA:262,0
DA:266,0
DA:276,0
DA:296,0
DA:321,0
DA:328,0
DA:335,0
DA:345,0
DA:352,0
DA:375,0
DA:411,0
LF:93
LH:0
BRDA:101,0,0,0
BRDA:101,0,1,0
BRDA:102,1,0,0
BRDA:102,1,1,0
BRDA:119,2,0,0
BRDA:119,2,1,0
BRDA:124,3,0,0
BRDA:124,3,1,0
BRDA:149,4,0,0
BRDA:149,4,1,0
BRDA:149,4,2,0
BRDA:149,4,3,0
BRDA:149,4,4,0
BRDA:164,5,0,0
BRDA:180,6,0,0
BRDA:180,6,1,0
BRDA:214,7,0,0
BRDA:240,8,0,0
BRDA:240,8,1,0
BRDA:246,9,0,0
BRDA:246,9,1,0
BRDA:247,10,0,0
BRDA:247,10,1,0
BRDA:378,11,0,0
BRDA:378,11,1,0
BRDA:379,12,0,0
BRDA:379,12,1,0
BRDA:389,13,0,0
BRF:28
BRH:0
end_of_record
TN:
SF:components/telescope/AnnotationControls.tsx
FN:13,AnnotationControls
FN:16,(anonymous_2)
FN:20,(anonymous_3)
FN:27,(anonymous_4)
FN:34,(anonymous_5)
FN:41,(anonymous_6)
FN:48,(anonymous_7)
FN:89,(anonymous_8)
FN:160,(anonymous_9)
FN:171,(anonymous_10)
FN:182,(anonymous_11)
FN:195,(anonymous_12)
FN:206,(anonymous_13)
FN:226,(anonymous_14)
FN:234,(anonymous_15)
FN:245,(anonymous_16)
FN:266,(anonymous_17)
FN:296,(anonymous_18)
FN:309,(anonymous_19)
FN:322,(anonymous_20)
FN:333,(anonymous_21)
FN:347,(anonymous_22)
FN:362,(anonymous_23)
FN:373,(anonymous_24)
FN:384,(anonymous_25)
FN:395,(anonymous_26)
FNF:26
FNH:0
FNDA:0,AnnotationControls
FNDA:0,(anonymous_2)
FNDA:0,(anonymous_3)
FNDA:0,(anonymous_4)
FNDA:0,(anonymous_5)
FNDA:0,(anonymous_6)
FNDA:0,(anonymous_7)
FNDA:0,(anonymous_8)
FNDA:0,(anonymous_9)
FNDA:0,(anonymous_10)
FNDA:0,(anonymous_11)
FNDA:0,(anonymous_12)
FNDA:0,(anonymous_13)
FNDA:0,(anonymous_14)
FNDA:0,(anonymous_15)
FNDA:0,(anonymous_16)
FNDA:0,(anonymous_17)
FNDA:0,(anonymous_18)
FNDA:0,(anonymous_19)
FNDA:0,(anonymous_20)
FNDA:0,(anonymous_21)
FNDA:0,(anonymous_22)
FNDA:0,(anonymous_23)
FNDA:0,(anonymous_24)
FNDA:0,(anonymous_25)
FNDA:0,(anonymous_26)
DA:3,0
DA:4,0
DA:5,0
DA:6,0
DA:7,0
DA:8,0
DA:9,0
DA:10,0
DA:11,0
DA:13,0
DA:14,0
DA:16,0
DA:17,0
DA:20,0
DA:21,0
DA:27,0
DA:28,0
DA:34,0
DA:35,0
DA:41,0
DA:42,0
DA:43,0
DA:45,0
DA:48,0
DA:49,0
DA:85,0
DA:86,0
DA:89,0
DA:90,0
DA:94,0
DA:160,0
DA:171,0
DA:182,0
DA:195,0
DA:206,0
DA:227,0
DA:234,0
DA:246,0
DA:267,0
DA:296,0
DA:309,0
DA:322,0
DA:333,0
DA:347,0
DA:362,0
DA:373,0
DA:384,0
DA:395,0
LF:48
LH:0
BRDA:94,0,0,0
BRDA:94,0,1,0
BRDA:104,1,0,0
BRDA:104,1,1,0
BRDA:105,2,0,0
BRDA:105,2,1,0
BRDA:107,3,0,0
BRDA:107,3,1,0
BRDA:124,4,0,0
BRDA:124,4,1,0
BRDA:127,5,0,0
BRDA:133,6,0,0
BRDA:388,7,0,0
BRF:13
BRH:0
end_of_record
TN:
SF:components/telescope/AnnotationLayer.tsx
FN:13,AnnotationLayer
FN:133,(anonymous_2)
FN:139,(anonymous_3)
FN:143,(anonymous_4)
FN:152,(anonymous_5)
FN:168,(anonymous_6)
FN:193,(anonymous_7)
FN:234,(anonymous_8)
FN:252,(anonymous_9)
FN:253,(anonymous_10)
FN:254,(anonymous_11)
FNF:11
FNH:0
FNDA:0,AnnotationLayer
FNDA:0,(anonymous_2)
FNDA:0,(anonymous_3)
FNDA:0,(anonymous_4)
FNDA:0,(anonymous_5)
FNDA:0,(anonymous_6)
FNDA:0,(anonymous_7)
FNDA:0,(anonymous_8)
FNDA:0,(anonymous_9)
FNDA:0,(anonymous_10)
FNDA:0,(anonymous_11)
DA:3,0
DA:13,0
DA:19,0
DA:20,0
DA:23,0
DA:133,0
DA:134,0
DA:136,0
DA:137,0
DA:139,0
DA:141,0
DA:143,0
DA:148,0
DA:149,0
DA:152,0
DA:153,0
DA:165,0
DA:168,0
DA:169,0
DA:172,0
DA:175,0
DA:177,0
DA:178,0
DA:181,0
DA:182,0
DA:184,0
DA:185,0
DA:187,0
DA:190,0
DA:193,0
DA:194,0
DA:197,0
DA:198,0
DA:202,0
DA:207,0
DA:220,0
DA:223,0
DA:235,0
DA:236,0
DA:237,0
DA:238,0
DA:239,0
DA:241,0
DA:252,0
DA:253,0
DA:254,0
LF:46
LH:0
BRDA:134,0,0,0
BRDA:134,0,1,0
BRDA:136,1,0,0
BRDA:136,1,1,0
BRDA:148,2,0,0
BRDA:148,2,1,0
BRDA:165,3,0,0
BRDA:165,3,1,0
BRDA:169,4,0,0
BRDA:169,4,1,0
BRDA:175,5,0,0
BRDA:175,5,1,0
BRDA:175,5,2,0
BRDA:175,5,3,0
BRDA:175,5,4,0
BRDA:194,6,0,0
BRDA:194,6,1,0
BRDA:197,7,0,0
BRDA:197,7,1,0
BRDA:198,8,0,0
BRDA:198,8,1,0
BRDA:199,9,0,0
BRDA:199,9,1,0
BRDA:220,10,0,0
BRDA:220,10,1,0
BRDA:228,11,0,0
BRDA:228,11,1,0
BRDA:231,12,0,0
BRDA:231,12,1,0
BRDA:245,13,0,0
BRDA:245,13,1,0
BRDA:250,14,0,0
BRDA:250,14,1,0
BRDA:261,15,0,0
BRDA:261,15,1,0
BRDA:277,16,0,0
BRDA:291,17,0,0
BRDA:310,18,0,0
BRDA:310,18,1,0
BRDA:324,19,0,0
BRDA:324,19,1,0
BRF:41
BRH:0
end_of_record
TN:
SF:components/telescope/AnnotationLoadingOverlay.tsx
FN:12,AnnotationLoadingOverlay
FN:17,(anonymous_2)
FN:23,(anonymous_3)
FN:24,(anonymous_4)
FN:27,(anonymous_5)
FN:34,(anonymous_6)
FNF:6
FNH:0
FNDA:0,AnnotationLoadingOverlay
FNDA:0,(anonymous_2)
FNDA:0,(anonymous_3)
FNDA:0,(anonymous_4)
FNDA:0,(anonymous_5)
FNDA:0,(anonymous_6)
DA:3,0
DA:4,0
DA:5,0
DA:12,0
DA:13,0
DA:14,0
DA:15,0
DA:17,0
DA:18,0
DA:19,0
DA:20,0
DA:23,0
DA:24,0
DA:25,0
DA:26,0
DA:27,0
DA:28,0
DA:30,0
DA:34,0
DA:38,0
LF:20
LH:0
BRDA:18,0,0,0
BRDA:18,0,1,0
BRDA:18,1,0,0
BRDA:18,1,1,0
BRDA:25,2,0,0
BRDA:25,2,1,0
BRDA:38,3,0,0
BRDA:38,3,1,0
BRF:8
BRH:0
end_of_record
TN:
SF:components/telescope/CameraSettingsPanel.tsx
FN:13,(anonymous_3)
FN:32,(anonymous_4)
FN:137,(anonymous_5)
FN:152,(anonymous_6)
FNF:4
FNH:0
FNDA:0,(anonymous_3)
FNDA:0,(anonymous_4)
FNDA:0,(anonymous_5)
FNDA:0,(anonymous_6)
DA:3,0
DA:4,0
DA:5,0
DA:6,0
DA:7,0
DA:8,0
DA:9,0
DA:10,0
DA:11,0
DA:13,0
DA:25,0
DA:27,0
DA:28,0
DA:29,0
DA:30,0
DA:32,0
DA:33,0
DA:34,0
DA:35,0
DA:36,0
DA:137,0
DA:152,0
DA:174,0
LF:23
LH:0
BRF:0
BRH:0
end_of_record
TN:
SF:components/telescope/CameraView.tsx
FN:41,CameraView
FN:221,(anonymous_2)
FN:243,(anonymous_3)
FN:253,(anonymous_4)
FN:265,(anonymous_5)
FN:281,(anonymous_6)
FN:288,(anonymous_7)
FN:316,(anonymous_8)
FN:359,(anonymous_9)
FN:365,(anonymous_10)
FN:399,(anonymous_11)
FN:408,(anonymous_12)
FN:414,(anonymous_13)
FN:427,(anonymous_14)
FN:436,(anonymous_15)
FN:449,(anonymous_16)
FN:477,(anonymous_17)
FN:490,(anonymous_18)
FN:499,(anonymous_19)
FN:519,(anonymous_20)
FN:520,(anonymous_21)
FN:530,(anonymous_22)
FN:534,(anonymous_23)
FN:535,(anonymous_24)
FN:552,(anonymous_25)
FN:577,(anonymous_26)
FN:599,(anonymous_27)
FN:610,(anonymous_28)
FN:623,(anonymous_29)
FN:640,(anonymous_30)
FN:644,(anonymous_31)
FN:666,(anonymous_32)
FN:670,(anonymous_33)
FN:674,(anonymous_34)
FN:678,(anonymous_35)
FN:683,(anonymous_36)
FN:689,(anonymous_37)
FN:706,(anonymous_38)
FN:714,(anonymous_39)
FN:726,(anonymous_40)
FN:732,(anonymous_41)
FN:741,(anonymous_42)
FN:748,(anonymous_43)
FN:749,(anonymous_44)
FN:775,(anonymous_45)
FN:786,(anonymous_46)
FN:790,(anonymous_47)
FN:796,(anonymous_48)
FN:801,(anonymous_49)
FN:802,(anonymous_50)
FN:812,(anonymous_51)
FN:818,(anonymous_52)
FN:826,(anonymous_53)
FN:830,(anonymous_54)
FN:837,(anonymous_55)
FN:851,(anonymous_56)
FN:875,(anonymous_57)
FN:882,(anonymous_58)
FN:896,(anonymous_59)
FN:897,(anonymous_60)
FN:901,(anonymous_61)
FN:902,(anonymous_62)
FN:1015,(anonymous_63)
FN:1024,(anonymous_64)
FN:1026,(anonymous_65)
FN:1035,(anonymous_66)
FN:1044,(anonymous_67)
FN:1117,(anonymous_68)
FN:1146,(anonymous_69)
FNF:69
FNH:45
FNDA:81,CameraView
FNDA:2,(anonymous_2)
FNDA:2,(anonymous_3)
FNDA:1,(anonymous_4)
FNDA:0,(anonymous_5)
FNDA:23,(anonymous_6)
FNDA:0,(anonymous_7)
FNDA:23,(anonymous_8)
FNDA:46,(anonymous_9)
FNDA:0,(anonymous_10)
FNDA:0,(anonymous_11)
FNDA:46,(anonymous_12)
FNDA:0,(anonymous_13)
FNDA:0,(anonymous_14)
FNDA:0,(anonymous_15)
FNDA:0,(anonymous_16)
FNDA:0,(anonymous_17)
FNDA:0,(anonymous_18)
FNDA:0,(anonymous_19)
FNDA:23,(anonymous_20)
FNDA:0,(anonymous_21)
FNDA:23,(anonymous_22)
FNDA:23,(anonymous_23)
FNDA:23,(anonymous_24)
FNDA:0,(anonymous_25)
FNDA:0,(anonymous_26)
FNDA:0,(anonymous_27)
FNDA:1,(anonymous_28)
FNDA:1,(anonymous_29)
FNDA:0,(anonymous_30)
FNDA:0,(anonymous_31)
FNDA:25,(anonymous_32)
FNDA:25,(anonymous_33)
FNDA:25,(anonymous_34)
FNDA:25,(anonymous_35)
FNDA:1,(anonymous_36)
FNDA:1,(anonymous_37)
FNDA:0,(anonymous_38)
FNDA:1,(anonymous_39)
FNDA:1,(anonymous_40)
FNDA:25,(anonymous_41)
FNDA:25,(anonymous_42)
FNDA:25,(anonymous_43)
FNDA:0,(anonymous_44)
FNDA:0,(anonymous_45)
FNDA:25,(anonymous_46)
FNDA:25,(anonymous_47)
FNDA:1,(anonymous_48)
FNDA:23,(anonymous_49)
FNDA:0,(anonymous_50)
FNDA:23,(anonymous_51)
FNDA:23,(anonymous_52)
FNDA:0,(anonymous_53)
FNDA:23,(anonymous_54)
FNDA:23,(anonymous_55)
FNDA:46,(anonymous_56)
FNDA:23,(anonymous_57)
FNDA:23,(anonymous_58)
FNDA:1,(anonymous_59)
FNDA:1,(anonymous_60)
FNDA:1,(anonymous_61)
FNDA:1,(anonymous_62)
FNDA:1,(anonymous_63)
FNDA:2,(anonymous_64)
FNDA:2,(anonymous_65)
FNDA:2,(anonymous_66)
FNDA:1,(anonymous_67)
FNDA:0,(anonymous_68)
FNDA:0,(anonymous_69)
DA:3,2
DA:4,2
DA:5,2
DA:6,2
DA:28,2
DA:29,2
DA:30,2
DA:31,2
DA:32,2
DA:33,2
DA:35,2
DA:37,2
DA:38,2
DA:39,2
DA:41,24
DA:72,81
DA:75,81
DA:186,81
DA:187,81
DA:188,81
DA:189,81
DA:190,81
DA:191,81
DA:192,81
DA:193,81
DA:194,81
DA:195,81
DA:196,81
DA:197,81
DA:198,81
DA:199,81
DA:200,81
DA:201,81
DA:202,81
DA:203,81
DA:204,81
DA:205,81
DA:216,81
DA:221,81
DA:222,2
DA:224,2
DA:225,2
DA:226,2
DA:231,2
DA:232,2
DA:234,2
DA:243,81
DA:244,2
DA:246,2
DA:253,81
DA:254,1
DA:255,1
DA:256,1
DA:258,1
DA:265,81
DA:267,0
DA:268,0
DA:272,0
DA:273,0
DA:274,0
DA:276,0
DA:281,81
DA:282,23
DA:283,23
DA:284,23
DA:288,81
DA:289,0
DA:291,0
DA:292,0
DA:293,0
DA:294,0
DA:297,0
DA:298,0
DA:299,0
DA:301,0
DA:302,0
DA:303,0
DA:305,0
DA:308,0
DA:310,0
DA:311,0
DA:316,81
DA:317,23
DA:318,23
DA:321,23
DA:322,23
DA:323,23
DA:324,23
DA:325,23
DA:326,23
DA:327,23
DA:328,23
DA:329,23
DA:332,23
DA:333,0
DA:334,0
DA:338,23
DA:339,0
DA:340,0
DA:344,23
DA:345,0
DA:346,0
DA:350,23
DA:351,0
DA:352,0
DA:355,23
DA:359,81
DA:360,46
DA:362,0
DA:363,0
DA:365,0
DA:366,0
DA:368,0
DA:369,0
DA:371,0
DA:372,0
DA:374,0
DA:375,0
DA:376,0
DA:380,0
DA:381,0
DA:384,0
DA:385,0
DA:386,0
DA:389,0
DA:391,0
DA:392,0
DA:397,0
DA:399,0
DA:400,0
DA:401,0
DA:402,0
DA:408,81
DA:409,46
DA:411,0
DA:412,0
DA:414,0
DA:415,0
DA:416,0
DA:418,0
DA:419,0
DA:420,0
DA:425,0
DA:427,0
DA:428,0
DA:429,0
DA:430,0
DA:436,81
DA:437,0
DA:438,0
DA:439,0
DA:440,0
DA:441,0
DA:442,0
DA:443,0
DA:444,0
DA:445,0
DA:446,0
DA:449,0
DA:450,0
DA:451,0
DA:455,0
DA:456,0
DA:457,0
DA:461,0
DA:462,0
DA:463,0
DA:467,0
DA:468,0
DA:477,81
DA:478,0
DA:479,0
DA:480,0
DA:481,0
DA:483,0
DA:485,0
DA:486,0
DA:489,0
DA:490,0
DA:491,0
DA:494,0
DA:495,0
DA:499,0
DA:500,0
DA:501,0
DA:503,0
DA:506,0
DA:511,0
DA:512,0
DA:513,0
DA:514,0
DA:519,81
DA:520,23
DA:521,0
DA:522,0
DA:529,23
DA:530,23
DA:534,81
DA:535,23
DA:536,23
DA:537,0
DA:539,23
DA:540,0
DA:542,23
DA:543,0
DA:545,23
DA:546,0
DA:552,81
DA:554,0
DA:557,0
DA:560,0
DA:561,0
DA:562,0
DA:565,0
DA:566,0
DA:569,0
DA:570,0
DA:571,0
DA:572,0
DA:577,0
DA:579,0
DA:585,0
DA:586,0
DA:591,0
DA:595,0
DA:599,81
DA:600,0
DA:601,0
DA:604,0
DA:605,0
DA:610,81
DA:611,1
DA:613,1
DA:616,1
DA:617,1
DA:620,1
DA:623,1
DA:624,1
DA:629,1
DA:633,1
DA:640,81
DA:641,0
DA:644,0
DA:645,0
DA:646,0
DA:649,81
DA:650,81
DA:651,81
DA:654,81
DA:655,81
DA:656,81
DA:657,81
DA:660,81
DA:661,81
DA:662,81
DA:663,81
DA:666,81
DA:667,25
DA:670,81
DA:671,25
DA:674,81
DA:675,25
DA:678,81
DA:679,25
DA:683,81
DA:684,1
DA:685,1
DA:689,81
DA:691,1
DA:694,0
DA:696,0
DA:697,0
DA:700,0
DA:701,0
DA:706,81
DA:708,0
DA:709,0
DA:714,81
DA:715,1
DA:717,1
DA:718,1
DA:719,1
DA:726,81
DA:727,1
DA:728,1
DA:732,81
DA:733,25
DA:734,1
DA:735,1
DA:737,24
DA:738,24
DA:741,25
DA:742,25
DA:743,25
DA:748,81
DA:749,25
DA:750,0
DA:752,0
DA:753,0
DA:754,0
DA:756,0
DA:758,0
DA:759,0
DA:761,0
DA:762,0
DA:764,0
DA:765,0
DA:767,0
DA:768,0
DA:770,0
DA:773,0
DA:775,0
DA:776,0
DA:781,0
DA:785,25
DA:786,25
DA:790,81
DA:791,25
DA:793,24
DA:796,1
DA:801,81
DA:802,23
DA:803,0
DA:804,0
DA:808,23
DA:809,1
DA:812,23
DA:813,23
DA:818,81
DA:819,23
DA:820,0
DA:821,0
DA:822,0
DA:823,0
DA:826,23
DA:827,0
DA:830,23
DA:831,23
DA:832,23
DA:837,81
DA:838,23
DA:839,0
DA:840,0
DA:841,0
DA:844,0
DA:845,0
DA:851,81
DA:852,46
DA:854,46
DA:855,0
DA:858,0
DA:859,0
DA:860,0
DA:862,0
DA:863,0
DA:868,46
DA:869,0
DA:875,81
DA:876,23
DA:877,0
DA:882,81
DA:883,23
DA:885,0
DA:886,0
DA:889,0
DA:890,0
DA:891,0
DA:896,81
DA:897,1
DA:901,81
DA:902,1
DA:903,1
DA:906,1
DA:907,1
DA:910,1
DA:915,81
DA:916,81
DA:917,81
DA:1015,1
DA:1026,2
DA:1035,2
DA:1044,1
DA:1118,0
DA:1147,0
DA:1148,0
DA:1149,0
LF:386
LH:193
BRDA:222,0,0,0
BRDA:222,0,1,2
BRDA:267,1,0,0
BRDA:267,1,1,0
BRDA:274,2,0,0
BRDA:274,2,1,0
BRDA:283,3,0,23
BRDA:283,3,1,0
BRDA:289,4,0,0
BRDA:289,4,1,0
BRDA:289,5,0,0
BRDA:289,5,1,0
BRDA:294,6,0,0
BRDA:294,6,1,0
BRDA:332,7,0,0
BRDA:332,7,1,23
BRDA:338,8,0,0
BRDA:338,8,1,23
BRDA:344,9,0,0
BRDA:344,9,1,23
BRDA:350,10,0,0
BRDA:350,10,1,23
BRDA:355,11,0,23
BRDA:355,11,1,0
BRDA:360,12,0,46
BRDA:360,12,1,0
BRDA:360,13,0,46
BRDA:360,13,1,0
BRDA:368,14,0,0
BRDA:368,14,1,0
BRDA:368,15,0,0
BRDA:368,15,1,0
BRDA:369,16,0,0
BRDA:369,16,1,0
BRDA:374,17,0,0
BRDA:374,17,1,0
BRDA:374,18,0,0
BRDA:374,18,1,0
BRDA:384,19,0,0
BRDA:384,19,1,0
BRDA:384,20,0,0
BRDA:384,20,1,0
BRDA:389,21,0,0
BRDA:389,21,1,0
BRDA:400,22,0,0
BRDA:400,22,1,0
BRDA:409,23,0,46
BRDA:409,23,1,0
BRDA:418,24,0,0
BRDA:418,24,1,0
BRDA:418,25,0,0
BRDA:418,25,1,0
BRDA:428,26,0,0
BRDA:428,26,1,0
BRDA:437,27,0,0
BRDA:437,27,1,0
BRDA:455,28,0,0
BRDA:455,28,1,0
BRDA:461,29,0,0
BRDA:461,29,1,0
BRDA:467,30,0,0
BRDA:467,30,1,0
BRDA:489,31,0,0
BRDA:489,31,1,0
BRDA:489,32,0,0
BRDA:489,32,1,0
BRDA:494,33,0,0
BRDA:494,33,1,0
BRDA:501,34,0,0
BRDA:501,34,1,0
BRDA:503,35,0,0
BRDA:503,35,1,0
BRDA:521,36,0,0
BRDA:521,36,1,0
BRDA:536,37,0,0
BRDA:536,37,1,23
BRDA:539,38,0,0
BRDA:539,38,1,23
BRDA:542,39,0,0
BRDA:542,39,1,23
BRDA:545,40,0,0
BRDA:545,40,1,23
BRDA:554,41,0,0
BRDA:554,41,1,0
BRDA:604,42,0,0
BRDA:604,42,1,0
BRDA:611,43,0,1
BRDA:611,43,1,0
BRDA:611,44,0,1
BRDA:611,44,1,1
BRDA:641,45,0,0
BRDA:641,45,1,0
BRDA:645,46,0,0
BRDA:645,46,1,0
BRDA:691,47,0,1
BRDA:691,47,1,0
BRDA:700,48,0,0
BRDA:700,48,1,0
BRDA:708,49,0,0
BRDA:708,49,1,0
BRDA:715,50,0,1
BRDA:715,50,1,0
BRDA:733,51,0,1
BRDA:733,51,1,24
BRDA:750,52,0,0
BRDA:750,52,1,0
BRDA:756,53,0,0
BRDA:756,53,1,0
BRDA:756,53,2,0
BRDA:756,53,3,0
BRDA:756,53,4,0
BRDA:791,54,0,24
BRDA:791,54,1,1
BRDA:803,55,0,0
BRDA:803,55,1,0
BRDA:803,56,0,0
BRDA:803,56,1,0
BRDA:808,57,0,1
BRDA:808,57,1,22
BRDA:819,58,0,0
BRDA:819,58,1,23
BRDA:838,59,0,0
BRDA:838,59,1,23
BRDA:844,60,0,0
BRDA:844,60,1,0
BRDA:844,61,0,0
BRDA:844,61,1,0
BRDA:854,62,0,0
BRDA:854,62,1,46
BRDA:858,63,0,0
BRDA:858,63,1,0
BRDA:858,64,0,0
BRDA:858,64,1,0
BRDA:862,65,0,0
BRDA:862,65,1,0
BRDA:868,66,0,0
BRDA:868,66,1,46
BRDA:876,67,0,0
BRDA:876,67,1,23
BRDA:883,68,0,23
BRDA:883,68,1,0
BRDA:883,69,0,23
BRDA:883,69,1,23
BRDA:889,70,0,0
BRDA:889,70,1,0
BRDA:906,71,0,1
BRDA:906,71,1,0
BRDA:915,72,0,81
BRDA:915,72,1,81
BRDA:916,73,0,81
BRDA:916,73,1,81
BRDA:917,74,0,81
BRDA:917,74,1,78
BRDA:920,75,0,3
BRDA:920,75,1,78
BRDA:922,76,0,0
BRDA:922,76,1,78
BRDA:924,77,0,3
BRDA:924,77,1,78
BRDA:933,78,0,81
BRDA:938,79,0,3
BRDA:943,80,0,81
BRDA:955,81,0,0
BRDA:955,82,0,0
BRDA:955,82,1,0
BRDA:957,83,0,0
BRDA:959,84,0,0
BRDA:959,84,1,81
BRDA:961,85,0,81
BRDA:961,85,1,81
BRDA:966,86,0,0
BRDA:966,86,1,81
BRDA:972,87,0,0
BRDA:972,87,1,81
BRDA:978,88,0,0
BRDA:978,88,1,81
BRDA:980,89,0,81
BRDA:980,89,1,81
BRDA:984,90,0,81
BRDA:984,90,1,0
BRDA:984,91,0,0
BRDA:984,91,1,81
BRDA:984,92,0,81
BRDA:984,92,1,0
BRDA:986,93,0,0
BRDA:986,93,1,81
BRDA:986,94,0,81
BRDA:986,94,1,0
BRDA:986,95,0,81
BRDA:986,95,1,0
BRDA:986,96,0,81
BRDA:986,96,1,81
BRDA:987,97,0,0
BRDA:987,97,1,81
BRDA:987,98,0,81
BRDA:987,98,1,0
BRDA:989,99,0,81
BRDA:989,99,1,0
BRDA:996,100,0,81
BRDA:996,100,1,81
BRDA:1002,101,0,0
BRDA:1002,101,1,81
BRDA:1006,102,0,0
BRDA:1006,102,1,81
BRDA:1017,103,0,0
BRDA:1017,103,1,81
BRDA:1019,104,0,0
BRDA:1037,105,0,3
BRDA:1037,105,1,78
BRDA:1039,106,0,3
BRDA:1047,107,0,0
BRDA:1054,108,0,3
BRDA:1054,108,1,78
BRDA:1066,109,0,81
BRDA:1066,109,1,0
BRDA:1069,110,0,0
BRDA:1069,110,1,0
BRDA:1070,111,0,0
BRDA:1070,111,1,0
BRDA:1077,112,0,81
BRDA:1084,113,0,0
BRDA:1084,113,1,0
BRDA:1087,114,0,0
BRDA:1087,114,1,0
BRDA:1113,115,0,81
BRDA:1113,115,1,0
BRDA:1148,116,0,0
BRDA:1148,116,1,0
BRDA:1178,117,0,81
BRDA:1178,117,1,9
BRDA:1181,118,0,81
BRDA:1181,118,1,6
BRDA:1181,118,2,3
BRDA:1184,119,0,81
BRDA:1184,119,1,6
BRDA:1184,119,2,3
BRF:236
BRH:88
end_of_record
TN:
SF:components/telescope/CelestialSearchDialog.tsx
FN:28,CelestialSearchDialog
FN:32,(anonymous_2)
FN:40,(anonymous_3)
FN:46,(anonymous_4)
FN:55,(anonymous_5)
FN:67,(anonymous_6)
FN:79,(anonymous_7)
FN:115,(anonymous_8)
FN:120,(anonymous_9)
FN:124,(anonymous_10)
FNF:10
FNH:0
FNDA:0,CelestialSearchDialog
FNDA:0,(anonymous_2)
FNDA:0,(anonymous_3)
FNDA:0,(anonymous_4)
FNDA:0,(anonymous_5)
FNDA:0,(anonymous_6)
FNDA:0,(anonymous_7)
FNDA:0,(anonymous_8)
FNDA:0,(anonymous_9)
FNDA:0,(anonymous_10)
DA:3,0
DA:4,0
DA:12,0
DA:13,0
DA:14,0
DA:15,0
DA:21,0
DA:28,0
DA:29,0
DA:30,0
DA:32,0
DA:34,0
DA:37,0
DA:40,0
DA:42,0
DA:46,0
DA:47,0
DA:48,0
DA:49,0
DA:51,0
DA:52,0
DA:55,0
DA:56,0
DA:57,0
DA:58,0
DA:59,0
DA:60,0
DA:61,0
DA:62,0
DA:63,0
DA:67,0
DA:68,0
DA:79,0
DA:81,0
DA:94,0
DA:95,0
DA:116,0
DA:118,0
DA:121,0
DA:124,0
LF:40
LH:0
BRDA:48,0,0,0
BRDA:48,0,1,0
BRDA:56,1,0,0
BRDA:56,1,1,0
BRDA:56,1,2,0
BRDA:56,1,3,0
BRDA:56,1,4,0
BRDA:56,1,5,0
BRDA:56,1,6,0
BRDA:116,2,0,0
BRDA:116,2,1,0
BRDA:137,3,0,0
BRDA:146,4,0,0
BRDA:146,4,1,0
BRDA:161,5,0,0
BRDA:161,5,1,0
BRDA:161,6,0,0
BRDA:161,6,1,0
BRDA:164,7,0,0
BRDA:164,7,1,0
BRDA:164,8,0,0
BRDA:164,8,1,0
BRF:22
BRH:0
end_of_record
TN:
SF:components/telescope/ConnectionLostTestPattern.tsx
FN:12,ConnectionLostTestPattern
FN:19,(anonymous_2)
FN:22,(anonymous_3)
FN:28,(anonymous_4)
FN:33,(anonymous_5)
FNF:5
FNH:0
FNDA:0,ConnectionLostTestPattern
FNDA:0,(anonymous_2)
FNDA:0,(anonymous_3)
FNDA:0,(anonymous_4)
FNDA:0,(anonymous_5)
DA:3,0
DA:4,0
DA:12,0
DA:17,0
DA:19,0
DA:20,0
DA:22,0
DA:23,0
DA:24,0
DA:25,0
DA:28,0
DA:31,0
DA:33,0
DA:34,0
DA:35,0
DA:36,0
LF:16
LH:0
BRDA:20,0,0,0
BRDA:20,0,1,0
BRDA:20,1,0,0
BRDA:20,1,1,0
BRDA:31,2,0,0
BRDA:31,2,1,0
BRDA:131,3,0,0
BRDA:131,3,1,0
BRDA:137,4,0,0
BRF:9
BRH:0
end_of_record
TN:
SF:components/telescope/ControlPanel.tsx
FN:12,ControlPanel
FN:28,(anonymous_2)
FN:37,(anonymous_3)
FN:46,(anonymous_4)
FN:55,(anonymous_5)
FN:61,(anonymous_6)
FN:67,(anonymous_7)
FN:71,(anonymous_8)
FN:81,(anonymous_9)
FN:90,(anonymous_10)
FN:99,(anonymous_11)
FNF:11
FNH:0
FNDA:0,ControlPanel
FNDA:0,(anonymous_2)
FNDA:0,(anonymous_3)
FNDA:0,(anonymous_4)
FNDA:0,(anonymous_5)
FNDA:0,(anonymous_6)
FNDA:0,(anonymous_7)
FNDA:0,(anonymous_8)
FNDA:0,(anonymous_9)
FNDA:0,(anonymous_10)
FNDA:0,(anonymous_11)
DA:3,0
DA:4,0
DA:5,0
DA:6,0
DA:7,0
DA:8,0
DA:9,0
DA:10,0
DA:12,0
DA:24,0
DA:28,0
DA:29,0
DA:30,0
DA:31,0
DA:33,0
DA:37,0
DA:38,0
DA:39,0
DA:40,0
DA:42,0
DA:46,0
DA:47,0
DA:48,0
DA:49,0
DA:51,0
DA:55,0
DA:56,0
DA:57,0
DA:61,0
DA:62,0
DA:63,0
DA:67,0
DA:68,0
DA:71,0
DA:72,0
DA:73,0
DA:76,0
DA:77,0
DA:81,0
DA:82,0
DA:83,0
DA:86,0
DA:90,0
DA:91,0
DA:92,0
DA:93,0
DA:95,0
DA:99,0
DA:100,0
DA:101,0
DA:102,0
DA:104,0
LF:52
LH:0
BRDA:30,0,0,0
BRDA:30,0,1,0
BRDA:39,1,0,0
BRDA:39,1,1,0
BRDA:39,2,0,0
BRDA:39,2,1,0
BRDA:48,3,0,0
BRDA:48,3,1,0
BRDA:48,4,0,0
BRDA:48,4,1,0
BRDA:48,4,2,0
BRDA:72,5,0,0
BRDA:72,5,1,0
BRDA:76,6,0,0
BRDA:76,6,1,0
BRDA:82,7,0,0
BRDA:82,7,1,0
BRDA:92,8,0,0
BRDA:92,8,1,0
BRDA:101,9,0,0
BRDA:101,9,1,0
BRDA:109,10,0,0
BRDA:109,10,1,0
BRDA:136,11,0,0
BRDA:156,12,0,0
BRDA:205,13,0,0
BRDA:217,14,0,0
BRF:27
BRH:0
end_of_record
TN:
SF:components/telescope/DataPersistenceManager.tsx
FN:38,DataPersistenceManager
FN:105,(anonymous_2)
FN:116,(anonymous_3)
FN:136,(anonymous_4)
FN:152,(anonymous_5)
FN:159,(anonymous_6)
FN:188,(anonymous_7)
FN:203,(anonymous_8)
FN:313,(anonymous_9)
FN:323,(anonymous_10)
FN:333,(anonymous_11)
FN:343,(anonymous_12)
FN:353,(anonymous_13)
FN:363,(anonymous_14)
FN:373,(anonymous_15)
FN:383,(anonymous_16)
FNF:16
FNH:15
FNDA:29,DataPersistenceManager
FNDA:18,(anonymous_2)
FNDA:4,(anonymous_3)
FNDA:4,(anonymous_4)
FNDA:4,(anonymous_5)
FNDA:0,(anonymous_6)
FNDA:4,(anonymous_7)
FNDA:4,(anonymous_8)
FNDA:18,(anonymous_9)
FNDA:18,(anonymous_10)
FNDA:18,(anonymous_11)
FNDA:18,(anonymous_12)
FNDA:18,(anonymous_13)
FNDA:18,(anonymous_14)
FNDA:18,(anonymous_15)
FNDA:18,(anonymous_16)
DA:3,2
DA:4,2
DA:5,2
DA:38,29
DA:99,29
DA:102,29
DA:106,18
DA:107,1
DA:108,1
DA:111,17
DA:113,17
DA:114,11
DA:116,7
DA:120,4
DA:123,9
DA:124,9
DA:131,17
DA:133,17
DA:134,11
DA:136,7
DA:141,4
DA:144,9
DA:147,17
DA:149,17
DA:150,11
DA:152,7
DA:159,0
DA:164,4
DA:167,9
DA:170,17
DA:172,17
DA:176,11
DA:177,7
DA:180,6
DA:183,17
DA:185,17
DA:186,11
DA:188,7
DA:192,4
DA:195,9
DA:198,17
DA:200,17
DA:201,11
DA:203,7
DA:211,0
DA:214,13
DA:217,17
DA:219,17
DA:220,11
DA:222,7
DA:232,0
DA:235,13
DA:238,17
DA:240,17
DA:288,11
DA:289,7
DA:290,7
DA:291,7
DA:292,7
DA:293,7
DA:294,7
DA:295,7
DA:296,7
DA:297,7
DA:298,7
DA:299,7
DA:300,7
DA:301,7
DA:302,7
DA:303,7
DA:304,7
DA:305,7
DA:308,6
DA:313,29
DA:314,18
DA:315,17
DA:316,17
DA:318,7
DA:323,29
DA:324,18
DA:325,17
DA:326,17
DA:328,7
DA:333,29
DA:334,18
DA:335,17
DA:336,17
DA:338,7
DA:343,29
DA:344,18
DA:345,17
DA:346,17
DA:348,7
DA:353,29
DA:354,18
DA:355,17
DA:356,17
DA:358,7
DA:363,29
DA:364,18
DA:365,17
DA:366,17
DA:368,7
DA:373,29
DA:374,18
DA:375,17
DA:376,17
DA:378,7
DA:383,29
DA:384,18
DA:386,17
DA:387,17
DA:408,17
DA:410,7
DA:435,29
LF:115
LH:112
BRDA:106,0,0,1
BRDA:106,0,1,17
BRDA:114,1,0,7
BRDA:114,1,1,4
BRDA:114,2,0,11
BRDA:114,2,1,7
BRDA:134,3,0,7
BRDA:134,3,1,4
BRDA:134,4,0,11
BRDA:134,4,1,7
BRDA:139,5,0,0
BRDA:139,5,1,4
BRDA:150,6,0,7
BRDA:150,6,1,4
BRDA:150,7,0,11
BRDA:150,7,1,7
BRDA:155,8,0,0
BRDA:155,8,1,4
BRDA:157,9,0,0
BRDA:157,9,1,0
BRDA:159,10,0,0
BRDA:159,10,1,4
BRDA:176,11,0,7
BRDA:176,11,1,4
BRDA:186,12,0,7
BRDA:186,12,1,4
BRDA:186,13,0,11
BRDA:186,13,1,7
BRDA:201,14,0,7
BRDA:201,14,1,4
BRDA:201,15,0,11
BRDA:201,15,1,7
BRDA:208,16,0,0
BRDA:208,16,1,0
BRDA:220,17,0,7
BRDA:220,17,1,4
BRDA:227,18,0,0
BRDA:227,18,1,0
BRDA:288,19,0,7
BRDA:288,19,1,4
BRDA:297,20,0,0
BRDA:297,20,1,7
BRDA:298,21,0,0
BRDA:298,21,1,7
BRDA:299,22,0,0
BRDA:299,22,1,7
BRDA:300,23,0,0
BRDA:300,23,1,7
BRDA:301,24,0,0
BRDA:301,24,1,7
BRDA:302,25,0,0
BRDA:302,25,1,7
BRDA:303,26,0,0
BRDA:303,26,1,7
BRDA:304,27,0,0
BRDA:304,27,1,7
BRDA:305,28,0,0
BRDA:305,28,1,7
BRDA:314,29,0,1
BRDA:314,29,1,17
BRDA:324,30,0,1
BRDA:324,30,1,17
BRDA:334,31,0,1
BRDA:334,31,1,17
BRDA:344,32,0,1
BRDA:344,32,1,17
BRDA:354,33,0,1
BRDA:354,33,1,17
BRDA:364,34,0,1
BRDA:364,34,1,17
BRDA:374,35,0,1
BRDA:374,35,1,17
BRDA:384,36,0,1
BRDA:384,36,1,17
BRF:74
BRH:56
end_of_record
TN:
SF:components/telescope/Header.tsx
FN:20,Header
FN:44,(anonymous_2)
FNF:2
FNH:1
FNDA:9,Header
FNDA:0,(anonymous_2)
DA:3,1
DA:4,1
DA:5,1
DA:15,1
DA:16,1
DA:17,1
DA:18,1
DA:20,9
DA:21,9
DA:22,9
DA:44,0
LF:11
LH:10
BRDA:42,0,0,0
BRDA:42,0,1,9
BRF:2
BRH:1
end_of_record
TN:
SF:components/telescope/PictureInPictureOverlay.tsx
FN:13,PictureInPictureOverlay
FN:53,(anonymous_2)
FN:54,(anonymous_3)
FN:59,(anonymous_4)
FN:63,(anonymous_5)
FN:64,(anonymous_6)
FN:74,(anonymous_7)
FN:80,(anonymous_8)
FN:92,(anonymous_9)
FN:105,(anonymous_10)
FN:121,(anonymous_11)
FN:125,(anonymous_12)
FN:130,(anonymous_13)
FN:196,(anonymous_14)
FN:208,(anonymous_15)
FN:223,(anonymous_16)
FN:234,(anonymous_17)
FN:247,(anonymous_18)
FN:258,(anonymous_19)
FN:269,(anonymous_20)
FN:312,(anonymous_21)
FNF:21
FNH:0
FNDA:0,PictureInPictureOverlay
FNDA:0,(anonymous_2)
FNDA:0,(anonymous_3)
FNDA:0,(anonymous_4)
FNDA:0,(anonymous_5)
FNDA:0,(anonymous_6)
FNDA:0,(anonymous_7)
FNDA:0,(anonymous_8)
FNDA:0,(anonymous_9)
FNDA:0,(anonymous_10)
FNDA:0,(anonymous_11)
FNDA:0,(anonymous_12)
FNDA:0,(anonymous_13)
FNDA:0,(anonymous_14)
FNDA:0,(anonymous_15)
FNDA:0,(anonymous_16)
FNDA:0,(anonymous_17)
FNDA:0,(anonymous_18)
FNDA:0,(anonymous_19)
FNDA:0,(anonymous_20)
FNDA:0,(anonymous_21)
DA:5,0
DA:6,0
DA:7,0
DA:8,0
DA:10,0
DA:11,0
DA:13,0
DA:34,0
DA:36,0
DA:37,0
DA:38,0
DA:39,0
DA:42,0
DA:48,0
DA:53,0
DA:54,0
DA:55,0
DA:59,0
DA:63,0
DA:64,0
DA:65,0
DA:66,0
DA:70,0
DA:71,0
DA:74,0
DA:75,0
DA:80,0
DA:81,0
DA:82,0
DA:83,0
DA:88,0
DA:92,0
DA:93,0
DA:95,0
DA:96,0
DA:97,0
DA:98,0
DA:105,0
DA:106,0
DA:108,0
DA:109,0
DA:112,0
DA:113,0
DA:115,0
DA:121,0
DA:122,0
DA:125,0
DA:126,0
DA:127,0
DA:128,0
DA:130,0
DA:131,0
DA:132,0
DA:138,0
DA:196,0
DA:208,0
DA:223,0
DA:234,0
DA:247,0
DA:258,0
DA:269,0
DA:312,0
LF:62
LH:0
BRDA:48,0,0,0
BRDA:48,0,1,0
BRDA:65,1,0,0
BRDA:65,1,1,0
BRDA:65,2,0,0
BRDA:65,2,1,0
BRDA:70,3,0,0
BRDA:70,3,1,0
BRDA:81,4,0,0
BRDA:81,4,1,0
BRDA:82,5,0,0
BRDA:82,5,1,0
BRDA:84,6,0,0
BRDA:84,6,1,0
BRDA:93,7,0,0
BRDA:93,7,1,0
BRDA:97,8,0,0
BRDA:97,8,1,0
BRDA:106,9,0,0
BRDA:106,9,1,0
BRDA:126,10,0,0
BRDA:126,10,1,0
BRDA:138,11,0,0
BRDA:138,11,1,0
BRDA:144,12,0,0
BRDA:144,12,1,0
BRDA:148,13,0,0
BRDA:148,13,1,0
BRDA:157,14,0,0
BRDA:157,14,1,0
BRDA:158,15,0,0
BRDA:158,15,1,0
BRDA:159,16,0,0
BRDA:159,16,1,0
BRDA:165,17,0,0
BRDA:165,17,1,0
BRDA:167,18,0,0
BRDA:167,18,1,0
BRDA:174,19,0,0
BRDA:176,20,0,0
BRDA:179,21,0,0
BRDA:182,22,0,0
BRDA:185,23,0,0
BRDA:193,24,0,0
BRDA:225,25,0,0
BRDA:225,25,1,0
BRDA:227,26,0,0
BRDA:249,27,0,0
BRDA:249,27,1,0
BRDA:251,28,0,0
BRDA:260,29,0,0
BRDA:260,29,1,0
BRDA:262,30,0,0
BRDA:279,31,0,0
BRDA:281,32,0,0
BRDA:281,32,1,0
BRDA:285,33,0,0
BRDA:285,33,1,0
BRDA:298,34,0,0
BRDA:331,35,0,0
BRDA:332,36,0,0
BRDA:333,37,0,0
BRDA:334,38,0,0
BRF:63
BRH:0
end_of_record
TN:
SF:components/telescope/PipOverlayControls.tsx
FN:14,PipOverlayControls
FN:23,(anonymous_2)
FN:30,(anonymous_3)
FN:37,(anonymous_4)
FN:44,(anonymous_5)
FN:51,(anonymous_6)
FN:109,(anonymous_7)
FN:160,(anonymous_8)
FN:180,(anonymous_9)
FN:199,(anonymous_10)
FN:209,(anonymous_11)
FN:228,(anonymous_12)
FN:239,(anonymous_13)
FN:273,(anonymous_14)
FN:283,(anonymous_15)
FN:301,(anonymous_16)
FN:312,(anonymous_17)
FN:324,(anonymous_18)
FN:355,(anonymous_19)
FN:367,(anonymous_20)
FN:381,(anonymous_21)
FN:392,(anonymous_22)
FN:400,(anonymous_23)
FN:436,(anonymous_24)
FN:448,(anonymous_25)
FN:462,(anonymous_26)
FN:473,(anonymous_27)
FNF:27
FNH:0
FNDA:0,PipOverlayControls
FNDA:0,(anonymous_2)
FNDA:0,(anonymous_3)
FNDA:0,(anonymous_4)
FNDA:0,(anonymous_5)
FNDA:0,(anonymous_6)
FNDA:0,(anonymous_7)
FNDA:0,(anonymous_8)
FNDA:0,(anonymous_9)
FNDA:0,(anonymous_10)
FNDA:0,(anonymous_11)
FNDA:0,(anonymous_12)
FNDA:0,(anonymous_13)
FNDA:0,(anonymous_14)
FNDA:0,(anonymous_15)
FNDA:0,(anonymous_16)
FNDA:0,(anonymous_17)
FNDA:0,(anonymous_18)
FNDA:0,(anonymous_19)
FNDA:0,(anonymous_20)
FNDA:0,(anonymous_21)
FNDA:0,(anonymous_22)
FNDA:0,(anonymous_23)
FNDA:0,(anonymous_24)
FNDA:0,(anonymous_25)
FNDA:0,(anonymous_26)
FNDA:0,(anonymous_27)
DA:2,0
DA:3,0
DA:4,0
DA:5,0
DA:6,0
DA:7,0
DA:8,0
DA:9,0
DA:10,0
DA:11,0
DA:12,0
DA:14,0
DA:16,0
DA:18,0
DA:19,0
DA:21,0
DA:23,0
DA:24,0
DA:30,0
DA:31,0
DA:37,0
DA:38,0
DA:44,0
DA:45,0
DA:51,0
DA:52,0
DA:109,0
DA:161,0
DA:162,0
DA:181,0
DA:182,0
DA:199,0
DA:209,0
DA:228,0
DA:239,0
DA:273,0
DA:283,0
DA:301,0
DA:312,0
DA:324,0
DA:355,0
DA:367,0
DA:381,0
DA:392,0
DA:400,0
DA:436,0
DA:448,0
DA:462,0
DA:473,0
LF:49
LH:0
BRDA:21,0,0,0
BRDA:21,0,1,0
BRDA:118,1,0,0
BRDA:155,2,0,0
BRDA:155,2,1,0
BRDA:159,3,0,0
BRDA:159,3,1,0
BRDA:159,4,0,0
BRDA:159,4,1,0
BRDA:161,5,0,0
BRDA:161,5,1,0
BRDA:175,6,0,0
BRDA:175,6,1,0
BRDA:179,7,0,0
BRDA:179,7,1,0
BRDA:179,8,0,0
BRDA:179,8,1,0
BRDA:181,9,0,0
BRDA:181,9,1,0
BRDA:203,10,0,0
BRDA:215,11,0,0
BRDA:215,11,1,0
BRDA:216,12,0,0
BRDA:216,12,1,0
BRDA:217,13,0,0
BRDA:217,13,1,0
BRDA:247,14,0,0
BRDA:254,15,0,0
BRDA:277,16,0,0
BRDA:289,17,0,0
BRDA:289,17,1,0
BRDA:290,18,0,0
BRDA:290,18,1,0
BRDA:332,19,0,0
BRDA:359,20,0,0
BRDA:376,21,0,0
BRDA:376,21,1,0
BRDA:387,22,0,0
BRDA:387,22,1,0
BRDA:413,23,0,0
BRDA:440,24,0,0
BRDA:457,25,0,0
BRDA:457,25,1,0
BRDA:468,26,0,0
BRDA:468,26,1,0
BRDA:477,27,0,0
BRF:46
BRH:0
end_of_record
TN:
SF:components/telescope/PipOverlays.tsx
FN:10,PipOverlays
FN:93,(anonymous_3)
FN:105,(anonymous_4)
FN:119,(anonymous_5)
FN:120,(anonymous_6)
FN:269,(anonymous_7)
FNF:6
FNH:0
FNDA:0,PipOverlays
FNDA:0,(anonymous_3)
FNDA:0,(anonymous_4)
FNDA:0,(anonymous_5)
FNDA:0,(anonymous_6)
FNDA:0,(anonymous_7)
DA:2,0
DA:10,0
DA:11,0
DA:13,0
DA:14,0
DA:94,0
DA:106,0
DA:120,0
DA:121,0
DA:270,0
DA:271,0
DA:272,0
DA:273,0
DA:274,0
DA:275,0
LF:15
LH:0
BRDA:88,0,0,0
BRDA:90,1,0,0
BRDA:90,1,1,0
BRDA:135,2,0,0
BRDA:137,3,0,0
BRDA:172,4,0,0
BRDA:235,5,0,0
BRDA:295,6,0,0
BRDA:332,7,0,0
BRDA:356,8,0,0
BRDA:388,9,0,0
BRDA:388,9,1,0
BRDA:430,10,0,0
BRDA:430,10,1,0
BRDA:430,11,0,0
BRDA:430,11,1,0
BRDA:436,12,0,0
BRDA:436,12,1,0
BRDA:446,13,0,0
BRDA:446,13,1,0
BRDA:446,14,0,0
BRDA:446,14,1,0
BRDA:455,15,0,0
BRDA:455,15,1,0
BRDA:455,16,0,0
BRDA:455,16,1,0
BRF:26
BRH:0
end_of_record
TN:
SF:components/telescope/PipTestPanel.tsx
FN:13,PipTestPanel
FN:28,(anonymous_2)
FN:38,(anonymous_3)
FN:48,(anonymous_4)
FN:58,(anonymous_5)
FN:69,(anonymous_6)
FN:83,(anonymous_7)
FN:97,(anonymous_8)
FN:111,(anonymous_9)
FN:143,(anonymous_10)
FN:157,(anonymous_11)
FN:265,(anonymous_12)
FN:282,(anonymous_13)
FN:287,(anonymous_14)
FN:293,(anonymous_15)
FNF:15
FNH:0
FNDA:0,PipTestPanel
FNDA:0,(anonymous_2)
FNDA:0,(anonymous_3)
FNDA:0,(anonymous_4)
FNDA:0,(anonymous_5)
FNDA:0,(anonymous_6)
FNDA:0,(anonymous_7)
FNDA:0,(anonymous_8)
FNDA:0,(anonymous_9)
FNDA:0,(anonymous_10)
FNDA:0,(anonymous_11)
FNDA:0,(anonymous_12)
FNDA:0,(anonymous_13)
FNDA:0,(anonymous_14)
FNDA:0,(anonymous_15)
DA:3,0
DA:4,0
DA:5,0
DA:6,0
DA:7,0
DA:8,0
DA:9,0
DA:10,0
DA:11,0
DA:13,0
DA:25,0
DA:28,0
DA:29,0
DA:38,0
DA:39,0
DA:48,0
DA:49,0
DA:58,0
DA:59,0
DA:69,0
DA:70,0
DA:71,0
DA:72,0
DA:73,0
DA:83,0
DA:84,0
DA:85,0
DA:86,0
DA:87,0
DA:97,0
DA:98,0
DA:99,0
DA:100,0
DA:101,0
DA:111,0
DA:112,0
DA:143,0
DA:157,0
DA:266,0
DA:282,0
DA:287,0
DA:293,0
LF:42
LH:0
BRDA:137,0,0,0
BRDA:137,0,1,0
BRDA:177,1,0,0
BRDA:177,1,1,0
BRDA:193,2,0,0
BRDA:193,2,1,0
BRDA:214,3,0,0
BRDA:214,3,1,0
BRDA:231,4,0,0
BRDA:231,4,1,0
BRDA:252,5,0,0
BRDA:252,5,1,0
BRDA:260,6,0,0
BRDA:260,6,1,0
BRDA:305,7,0,0
BRDA:305,7,1,0
BRDA:306,8,0,0
BRDA:306,8,1,0
BRDA:329,9,0,0
BRDA:329,9,1,0
BRDA:330,10,0,0
BRDA:330,10,1,0
BRDA:347,11,0,0
BRDA:347,11,1,0
BRDA:348,12,0,0
BRDA:348,12,1,0
BRDA:358,13,0,0
BRDA:358,13,1,0
BRDA:361,14,0,0
BRDA:361,14,1,0
BRDA:370,15,0,0
BRDA:370,15,1,0
BRDA:371,16,0,0
BRDA:371,16,1,0
BRDA:377,17,0,0
BRDA:377,17,1,0
BRDA:380,18,0,0
BRDA:380,18,1,0
BRDA:386,19,0,0
BRDA:386,19,1,0
BRDA:389,20,0,0
BRDA:389,20,1,0
BRF:42
BRH:0
end_of_record
TN:
SF:components/telescope/RandomTestPattern.tsx
FN:13,RandomTestPattern
FN:17,(anonymous_2)
FNF:2
FNH:0
FNDA:0,RandomTestPattern
FNDA:0,(anonymous_2)
DA:3,2
DA:4,2
DA:5,2
DA:13,0
DA:14,0
DA:17,0
DA:18,0
DA:19,0
DA:20,0
DA:23,0
LF:10
LH:3
BRDA:13,0,0,0
BRDA:13,1,0,0
BRDA:13,2,0,0
BRDA:20,3,0,0
BRDA:20,3,1,0
BRDA:23,4,0,0
BRDA:23,4,1,0
BRF:7
BRH:0
end_of_record
TN:
SF:components/telescope/ScrollableTabs.tsx
FN:14,ScrollableTabs
FN:20,(anonymous_2)
FN:29,(anonymous_3)
FN:31,(anonymous_4)
FN:33,(anonymous_5)
FN:36,(anonymous_6)
FN:42,(anonymous_7)
FNF:7
FNH:0
FNDA:0,ScrollableTabs
FNDA:0,(anonymous_2)
FNDA:0,(anonymous_3)
FNDA:0,(anonymous_4)
FNDA:0,(anonymous_5)
FNDA:0,(anonymous_6)
FNDA:0,(anonymous_7)
DA:5,0
DA:6,0
DA:7,0
DA:14,0
DA:15,0
DA:16,0
DA:17,0
DA:18,0
DA:20,0
DA:21,0
DA:23,0
DA:24,0
DA:25,0
DA:26,0
DA:29,0
DA:30,0
DA:31,0
DA:32,0
DA:33,0
DA:36,0
DA:37,0
DA:38,0
DA:42,0
DA:43,0
DA:44,0
LF:25
LH:0
BRDA:14,0,0,0
BRDA:21,1,0,0
BRDA:21,1,1,0
BRDA:37,2,0,0
BRDA:37,2,1,0
BRDA:43,3,0,0
BRDA:43,3,1,0
BRDA:51,4,0,0
BRDA:55,5,0,0
BRDA:55,5,1,0
BRDA:62,6,0,0
BRDA:62,6,1,0
BRDA:86,7,0,0
BRDA:90,8,0,0
BRDA:90,8,1,0
BRDA:97,9,0,0
BRDA:97,9,1,0
BRDA:108,10,0,0
BRF:18
BRH:0
end_of_record
TN:
SF:components/telescope/SimpleWebRTC.tsx
FN:24,SimpleWebRTC
FN:44,(anonymous_7)
FN:47,(anonymous_8)
FN:65,(anonymous_9)
FN:103,(anonymous_10)
FN:149,(anonymous_11)
FNF:6
FNH:0
FNDA:0,SimpleWebRTC
FNDA:0,(anonymous_7)
FNDA:0,(anonymous_8)
FNDA:0,(anonymous_9)
FNDA:0,(anonymous_10)
FNDA:0,(anonymous_11)
DA:6,2
DA:24,0
DA:38,0
DA:39,0
DA:40,0
DA:41,0
DA:44,0
DA:45,0
DA:47,0
DA:48,0
DA:51,0
DA:52,0
DA:54,0
DA:56,0
DA:57,0
DA:59,0
DA:60,0
DA:63,0
DA:65,0
DA:67,0
DA:68,0
DA:71,0
DA:74,0
DA:75,0
DA:76,0
DA:77,0
DA:78,0
DA:79,0
DA:82,0
DA:83,0
DA:84,0
DA:85,0
DA:86,0
DA:88,0
DA:92,0
DA:95,0
DA:96,0
DA:98,0
DA:99,0
DA:100,0
DA:101,0
DA:103,0
DA:104,0
DA:107,0
DA:108,0
DA:109,0
DA:110,0
DA:111,0
DA:115,0
DA:118,0
DA:149,0
DA:177,2
LF:52
LH:2
BRDA:26,0,0,0
BRDA:27,1,0,0
BRDA:45,2,0,0
BRDA:45,2,1,0
BRDA:54,3,0,0
BRDA:54,3,1,0
BRDA:54,4,0,0
BRDA:54,4,1,0
BRDA:57,5,0,0
BRDA:57,5,1,0
BRDA:108,6,0,0
BRDA:108,6,1,0
BRDA:153,7,0,0
BRDA:159,8,0,0
BRDA:165,9,0,0
BRDA:165,9,1,0
BRF:16
BRH:0
end_of_record
TN:
SF:components/telescope/StatusAlerts.tsx
FN:3,(anonymous_1)
FNF:1
FNH:1
FNDA:8,(anonymous_1)
DA:3,8
LF:1
LH:1
BRF:0
BRH:0
end_of_record
TN:
SF:components/telescope/TabIndicator.tsx
FN:12,TabIndicator
FNF:1
FNH:0
FNDA:0,TabIndicator
DA:3,0
DA:4,0
DA:12,0
DA:13,0
DA:24,0
DA:28,0
DA:32,0
DA:36,0
DA:40,0
LF:9
LH:0
BRDA:13,0,0,0
BRDA:13,0,1,0
BRDA:13,1,0,0
BRDA:13,1,1,0
BRDA:13,1,2,0
BRDA:19,2,0,0
BRDA:19,2,1,0
BRDA:24,3,0,0
BRDA:24,3,1,0
BRDA:28,4,0,0
BRDA:28,4,1,0
BRDA:32,5,0,0
BRDA:32,5,1,0
BRDA:36,6,0,0
BRDA:36,6,1,0
BRF:15
BRH:0
end_of_record
TN:
SF:components/telescope/TelescopeProvider.tsx
FN:10,TelescopeProvider
FNF:1
FNH:0
FNDA:0,TelescopeProvider
DA:4,1
DA:7,9
DA:10,0
DA:14,1
LF:4
LH:3
BRF:0
BRH:0
end_of_record
TN:
SF:components/telescope/TelescopeSelector.tsx
FN:30,(anonymous_1)
FN:45,(anonymous_2)
FN:60,(anonymous_3)
FN:75,(anonymous_4)
FN:85,TelescopeSelector
FN:97,(anonymous_6)
FN:102,(anonymous_7)
FN:124,(anonymous_8)
FN:153,(anonymous_9)
FN:204,(anonymous_10)
FN:224,(anonymous_11)
FN:227,(anonymous_12)
FNF:12
FNH:8
FNDA:30,(anonymous_1)
FNDA:30,(anonymous_2)
FNDA:30,(anonymous_3)
FNDA:30,(anonymous_4)
FNDA:9,TelescopeSelector
FNDA:9,(anonymous_6)
FNDA:9,(anonymous_7)
FNDA:0,(anonymous_8)
FNDA:0,(anonymous_9)
FNDA:0,(anonymous_10)
FNDA:22,(anonymous_11)
FNDA:0,(anonymous_12)
DA:3,1
DA:16,1
DA:17,1
DA:25,1
DA:26,1
DA:27,1
DA:30,1
DA:31,30
DA:45,1
DA:46,30
DA:48,30
DA:50,0
DA:52,0
DA:54,0
DA:56,0
DA:60,1
DA:61,30
DA:63,30
DA:65,0
DA:67,0
DA:69,0
DA:71,0
DA:75,1
DA:76,30
DA:77,30
DA:79,0
DA:80,0
DA:82,0
DA:85,9
DA:95,9
DA:97,9
DA:98,9
DA:101,9
DA:102,9
DA:105,9
DA:114,9
DA:124,0
DA:143,9
DA:153,0
DA:204,0
DA:225,22
DA:227,0
LF:42
LH:27
BRDA:46,0,0,30
BRDA:46,0,1,0
BRDA:46,0,2,0
BRDA:46,0,3,0
BRDA:46,0,4,0
BRDA:61,1,0,30
BRDA:61,1,1,0
BRDA:61,1,2,0
BRDA:61,1,3,0
BRDA:61,1,4,0
BRDA:76,2,0,30
BRDA:76,2,1,0
BRDA:77,3,0,30
BRDA:77,3,1,0
BRDA:79,4,0,0
BRDA:79,4,1,0
BRDA:105,5,0,0
BRDA:105,5,1,9
BRDA:105,6,0,9
BRDA:105,6,1,0
BRDA:105,7,0,0
BRDA:105,7,1,0
BRDA:114,8,0,0
BRDA:114,8,1,9
BRDA:114,9,0,9
BRDA:114,9,1,0
BRDA:143,10,0,0
BRDA:143,10,1,9
BRDA:143,11,0,9
BRDA:143,11,1,0
BRDA:183,12,0,8
BRDA:183,12,1,1
BRDA:185,13,0,9
BRDA:187,14,0,8
BRDA:218,15,0,0
BRDA:218,15,1,9
BRDA:234,16,0,22
BRDA:238,17,0,22
BRDA:245,18,0,22
BRDA:245,18,1,22
BRDA:246,19,0,22
BRDA:257,20,0,22
BRDA:262,21,0,22
BRDA:280,22,0,22
BRDA:281,23,0,0
BRDA:281,23,1,0
BRDA:282,24,0,0
BRDA:282,24,1,0
BRDA:289,25,0,9
BRDA:298,26,0,9
BRDA:304,27,0,8
BRDA:307,28,0,0
BRDA:307,28,1,8
BRDA:310,29,0,0
BRDA:310,29,1,8
BRDA:312,30,0,0
BRDA:312,30,1,8
BRF:57
BRH:29
end_of_record
TN:
SF:components/telescope/TestPattern.tsx
FN:11,TestPattern
FN:14,(anonymous_2)
FN:42,(anonymous_3)
FNF:3
FNH:0
FNDA:0,TestPattern
FNDA:0,(anonymous_2)
FNDA:0,(anonymous_3)
DA:3,2
DA:11,0
DA:12,0
DA:14,0
DA:15,0
DA:16,0
DA:18,0
DA:19,0
DA:22,0
DA:23,0
DA:26,0
DA:27,0
DA:30,0
DA:31,0
DA:32,0
DA:42,0
DA:43,0
DA:44,0
DA:48,0
DA:49,0
DA:52,0
DA:53,0
DA:56,0
DA:57,0
DA:60,0
DA:61,0
DA:64,0
DA:65,0
DA:66,0
DA:69,0
DA:70,0
DA:71,0
DA:72,0
DA:75,0
DA:76,0
DA:77,0
DA:78,0
DA:81,0
DA:82,0
DA:85,0
DA:86,0
DA:87,0
DA:88,0
DA:89,0
DA:90,0
DA:93,0
DA:94,0
DA:95,0
DA:96,0
DA:97,0
DA:98,0
DA:101,0
DA:102,0
DA:103,0
DA:104,0
DA:105,0
DA:106,0
DA:109,0
DA:110,0
DA:111,0
DA:112,0
DA:113,0
DA:114,0
DA:117,0
DA:118,0
DA:119,0
DA:120,0
DA:123,0
DA:124,0
DA:125,0
DA:126,0
DA:128,0
DA:131,0
DA:132,0
DA:135,0
DA:136,0
DA:137,0
DA:138,0
LF:78
LH:1
BRDA:11,0,0,0
BRDA:11,1,0,0
BRDA:11,2,0,0
BRDA:16,3,0,0
BRDA:16,3,1,0
BRDA:19,4,0,0
BRDA:19,4,1,0
BRF:7
BRH:0
end_of_record
TN:
SF:components/telescope/VintageTestPattern.tsx
FN:11,VintageTestPattern
FN:14,(anonymous_2)
FN:126,drawResolutionChart
FN:148,drawFrequencyBars
FN:167,drawGeometricPattern
FNF:5
FNH:0
FNDA:0,VintageTestPattern
FNDA:0,(anonymous_2)
FNDA:0,drawResolutionChart
FNDA:0,drawFrequencyBars
FNDA:0,drawGeometricPattern
DA:3,2
DA:11,0
DA:12,0
DA:14,0
DA:15,0
DA:16,0
DA:18,0
DA:19,0
DA:22,0
DA:23,0
DA:26,0
DA:27,0
DA:30,0
DA:31,0
DA:34,0
DA:35,0
DA:36,0
DA:39,0
DA:40,0
DA:41,0
DA:42,0
DA:43,0
DA:46,0
DA:47,0
DA:48,0
DA:49,0
DA:53,0
DA:54,0
DA:56,0
DA:57,0
DA:59,0
DA:60,0
DA:61,0
DA:64,0
DA:65,0
DA:68,0
DA:70,0
DA:72,0
DA:74,0
DA:81,0
DA:82,0
DA:83,0
DA:84,0
DA:87,0
DA:88,0
DA:89,0
DA:90,0
DA:93,0
DA:94,0
DA:95,0
DA:96,0
DA:98,0
DA:101,0
DA:102,0
DA:105,0
DA:106,0
DA:107,0
DA:108,0
DA:109,0
DA:111,0
DA:112,0
DA:113,0
DA:114,0
DA:115,0
DA:118,0
DA:119,0
DA:120,0
DA:121,0
DA:127,0
DA:128,0
DA:131,0
DA:132,0
DA:134,0
DA:135,0
DA:136,0
DA:137,0
DA:140,0
DA:141,0
DA:142,0
DA:143,0
DA:149,0
DA:151,0
DA:152,0
DA:154,0
DA:155,0
DA:156,0
DA:158,0
DA:159,0
DA:161,0
DA:168,0
DA:169,0
DA:172,0
DA:173,0
DA:174,0
DA:175,0
DA:176,0
DA:177,0
DA:178,0
DA:181,0
DA:182,0
DA:183,0
DA:184,0
DA:185,0
DA:186,0
DA:187,0
DA:188,0
DA:189,0
LF:107
LH:1
BRDA:11,0,0,0
BRDA:11,1,0,0
BRDA:11,2,0,0
BRDA:16,3,0,0
BRDA:16,3,1,0
BRDA:19,4,0,0
BRDA:19,4,1,0
BRDA:158,5,0,0
BRDA:158,5,1,0
BRF:9
BRH:0
end_of_record
TN:
SF:components/telescope/WebRTCLiveView.tsx
FN:26,WebRTCLiveView
FN:69,(anonymous_8)
FN:95,(anonymous_9)
FN:105,(anonymous_10)
FN:116,(anonymous_11)
FN:119,(anonymous_12)
FN:126,(anonymous_13)
FN:131,(anonymous_14)
FN:143,(anonymous_15)
FN:151,(anonymous_16)
FN:159,(anonymous_17)
FN:165,(anonymous_18)
FN:206,(anonymous_19)
FN:230,(anonymous_20)
FN:258,(anonymous_21)
FN:296,(anonymous_22)
FN:339,(anonymous_23)
FN:349,(anonymous_24)
FNF:18
FNH:6
FNDA:81,WebRTCLiveView
FNDA:23,(anonymous_8)
FNDA:58,(anonymous_9)
FNDA:23,(anonymous_10)
FNDA:23,(anonymous_11)
FNDA:0,(anonymous_12)
FNDA:0,(anonymous_13)
FNDA:46,(anonymous_14)
FNDA:0,(anonymous_15)
FNDA:0,(anonymous_16)
FNDA:0,(anonymous_17)
FNDA:0,(anonymous_18)
FNDA:0,(anonymous_19)
FNDA:0,(anonymous_20)
FNDA:0,(anonymous_21)
FNDA:0,(anonymous_22)
FNDA:0,(anonymous_23)
FNDA:0,(anonymous_24)
DA:5,2
DA:6,2
DA:9,2
DA:26,81
DA:40,81
DA:41,81
DA:42,81
DA:43,81
DA:44,81
DA:45,81
DA:46,81
DA:47,81
DA:60,81
DA:69,81
DA:70,23
DA:73,23
DA:79,23
DA:81,22
DA:82,22
DA:85,1
DA:86,1
DA:89,23
DA:90,23
DA:95,81
DA:96,58
DA:97,0
DA:98,0
DA:99,0
DA:100,0
DA:105,81
DA:106,23
DA:107,0
DA:108,0
DA:109,23
DA:110,0
DA:111,0
DA:116,81
DA:117,23
DA:119,0
DA:120,0
DA:121,0
DA:122,0
DA:126,0
DA:131,81
DA:132,46
DA:133,23
DA:134,23
DA:135,23
DA:137,23
DA:138,23
DA:143,81
DA:144,0
DA:145,0
DA:146,0
DA:147,0
DA:151,81
DA:152,0
DA:153,0
DA:154,0
DA:155,0
DA:159,81
DA:160,0
DA:161,0
DA:165,81
DA:166,0
DA:167,0
DA:168,0
DA:172,81
DA:185,81
DA:206,0
DA:219,81
DA:230,0
DA:258,0
DA:296,0
DA:340,0
DA:341,0
DA:350,0
DA:351,0
DA:366,2
LF:79
LH:45
BRDA:28,0,0,0
BRDA:29,1,0,81
BRDA:61,2,0,81
BRDA:61,2,1,0
BRDA:61,2,2,0
BRDA:63,3,0,81
BRDA:63,3,1,0
BRDA:70,4,0,23
BRDA:70,4,1,0
BRDA:73,5,0,23
BRDA:73,5,1,1
BRDA:73,5,2,1
BRDA:79,6,0,22
BRDA:79,6,1,1
BRDA:96,7,0,0
BRDA:96,7,1,58
BRDA:96,8,0,58
BRDA:96,8,1,0
BRDA:96,8,2,0
BRDA:106,9,0,0
BRDA:106,9,1,23
BRDA:106,10,0,23
BRDA:106,10,1,23
BRDA:109,11,0,0
BRDA:109,11,1,23
BRDA:109,12,0,23
BRDA:109,12,1,0
BRDA:117,13,0,0
BRDA:117,13,1,23
BRDA:120,14,0,0
BRDA:120,14,1,0
BRDA:132,15,0,23
BRDA:132,15,1,23
BRDA:132,16,0,46
BRDA:132,16,1,46
BRDA:146,17,0,0
BRDA:146,17,1,0
BRDA:154,18,0,0
BRDA:154,18,1,0
BRDA:185,19,0,0
BRDA:185,19,1,81
BRDA:203,20,0,0
BRDA:219,21,0,0
BRDA:219,21,1,81
BRDA:234,22,0,0
BRDA:234,22,1,0
BRDA:237,23,0,0
BRDA:244,24,0,0
BRDA:249,25,0,0
BRDA:272,26,0,0
BRDA:289,27,0,0
BRDA:289,27,1,81
BRDA:300,28,0,81
BRDA:300,28,1,46
BRDA:303,29,0,35
BRDA:310,30,0,35
BRDA:315,31,0,0
BRDA:330,32,0,81
BRDA:330,32,1,81
BRDA:336,33,0,46
BRF:60
BRH:31
end_of_record
TN:
SF:components/telescope/modals/DataManagementSettings.tsx
FN:19,DataManagementSettings
FN:37,(anonymous_2)
FN:46,(anonymous_3)
FN:83,(anonymous_4)
FN:90,(anonymous_5)
FN:127,(anonymous_6)
FN:165,(anonymous_7)
FN:203,(anonymous_8)
FN:289,(anonymous_9)
FN:341,(anonymous_10)
FNF:10
FNH:0
FNDA:0,DataManagementSettings
FNDA:0,(anonymous_2)
FNDA:0,(anonymous_3)
FNDA:0,(anonymous_4)
FNDA:0,(anonymous_5)
FNDA:0,(anonymous_6)
FNDA:0,(anonymous_7)
FNDA:0,(anonymous_8)
FNDA:0,(anonymous_9)
FNDA:0,(anonymous_10)
DA:5,0
DA:6,0
DA:7,0
DA:8,0
DA:9,0
DA:10,0
DA:17,0
DA:19,0
DA:29,0
DA:31,0
DA:32,0
DA:33,0
DA:34,0
DA:37,0
DA:38,0
DA:39,0
DA:40,0
DA:41,0
DA:42,0
DA:46,0
DA:47,0
DA:49,0
DA:50,0
DA:51,0
DA:52,0
DA:55,0
DA:56,0
DA:57,0
DA:58,0
DA:59,0
DA:62,0
DA:63,0
DA:65,0
DA:71,0
DA:72,0
DA:78,0
DA:83,0
DA:84,0
DA:85,0
DA:87,0
DA:89,0
DA:90,0
DA:91,0
DA:92,0
DA:93,0
DA:95,0
DA:96,0
DA:103,0
DA:105,0
DA:112,0
DA:113,0
DA:119,0
DA:123,0
DA:127,0
DA:128,0
DA:129,0
DA:130,0
DA:133,0
DA:134,0
DA:137,0
DA:138,0
DA:139,0
DA:140,0
DA:141,0
DA:143,0
DA:150,0
DA:153,0
DA:155,0
DA:156,0
DA:165,0
DA:166,0
DA:167,0
DA:168,0
DA:169,0
DA:170,0
DA:172,0
DA:179,0
DA:188,0
DA:190,0
DA:203,0
DA:289,0
DA:341,0
LF:82
LH:0
BRDA:38,0,0,0
BRDA:38,0,1,0
BRDA:85,1,0,0
BRDA:85,1,1,0
BRDA:95,2,0,0
BRDA:95,2,1,0
BRDA:128,3,0,0
BRDA:128,3,1,0
BRDA:167,4,0,0
BRDA:167,4,1,0
BRDA:168,5,0,0
BRDA:168,5,1,0
BRDA:169,6,0,0
BRDA:169,6,1,0
BRDA:170,7,0,0
BRDA:170,7,1,0
BRDA:190,8,0,0
BRDA:190,8,1,0
BRDA:267,9,0,0
BRDA:267,9,1,0
BRDA:294,10,0,0
BRDA:294,10,1,0
BRDA:323,11,0,0
BRF:23
BRH:0
end_of_record
TN:
SF:components/telescope/modals/EquipmentManager.tsx
FN:36,EquipmentManager
FN:89,(anonymous_2)
FN:108,(anonymous_3)
FN:126,(anonymous_4)
FN:132,(anonymous_5)
FN:158,(anonymous_6)
FN:181,(anonymous_7)
FN:198,(anonymous_8)
FN:201,(anonymous_9)
FN:202,(anonymous_10)
FN:237,(anonymous_11)
FN:238,(anonymous_12)
FN:238,(anonymous_13)
FN:239,(anonymous_14)
FN:239,(anonymous_15)
FN:261,(anonymous_16)
FN:284,(anonymous_17)
FN:292,(anonymous_18)
FN:299,(anonymous_19)
FN:344,(anonymous_20)
FN:353,(anonymous_21)
FN:374,(anonymous_22)
FN:386,(anonymous_23)
FN:386,(anonymous_24)
FN:396,(anonymous_25)
FN:397,(anonymous_26)
FN:418,(anonymous_27)
FN:418,(anonymous_28)
FN:427,(anonymous_29)
FN:427,(anonymous_30)
FN:438,(anonymous_31)
FN:439,(anonymous_32)
FN:455,(anonymous_33)
FN:455,(anonymous_34)
FN:468,(anonymous_35)
FN:484,(anonymous_36)
FN:509,(anonymous_37)
FN:510,(anonymous_38)
FN:511,(anonymous_39)
FN:543,(anonymous_40)
FN:555,(anonymous_41)
FN:556,(anonymous_42)
FN:573,(anonymous_43)
FN:573,(anonymous_44)
FN:585,(anonymous_45)
FN:586,(anonymous_46)
FN:604,(anonymous_47)
FN:605,(anonymous_48)
FN:627,(anonymous_49)
FN:642,(anonymous_50)
FN:649,(anonymous_51)
FN:664,(anonymous_52)
FN:665,(anonymous_53)
FNF:53
FNH:8
FNDA:27,EquipmentManager
FNDA:8,(anonymous_2)
FNDA:0,(anonymous_3)
FNDA:14,(anonymous_4)
FNDA:0,(anonymous_5)
FNDA:0,(anonymous_6)
FNDA:0,(anonymous_7)
FNDA:0,(anonymous_8)
FNDA:0,(anonymous_9)
FNDA:0,(anonymous_10)
FNDA:0,(anonymous_11)
FNDA:0,(anonymous_12)
FNDA:0,(anonymous_13)
FNDA:0,(anonymous_14)
FNDA:0,(anonymous_15)
FNDA:1,(anonymous_16)
FNDA:1,(anonymous_17)
FNDA:0,(anonymous_18)
FNDA:8,(anonymous_19)
FNDA:0,(anonymous_20)
FNDA:0,(anonymous_21)
FNDA:0,(anonymous_22)
FNDA:0,(anonymous_23)
FNDA:0,(anonymous_24)
FNDA:0,(anonymous_25)
FNDA:0,(anonymous_26)
FNDA:0,(anonymous_27)
FNDA:0,(anonymous_28)
FNDA:0,(anonymous_29)
FNDA:0,(anonymous_30)
FNDA:0,(anonymous_31)
FNDA:0,(anonymous_32)
FNDA:0,(anonymous_33)
FNDA:0,(anonymous_34)
FNDA:0,(anonymous_35)
FNDA:0,(anonymous_36)
FNDA:0,(anonymous_37)
FNDA:0,(anonymous_38)
FNDA:0,(anonymous_39)
FNDA:0,(anonymous_40)
FNDA:0,(anonymous_41)
FNDA:0,(anonymous_42)
FNDA:0,(anonymous_43)
FNDA:0,(anonymous_44)
FNDA:0,(anonymous_45)
FNDA:0,(anonymous_46)
FNDA:0,(anonymous_47)
FNDA:0,(anonymous_48)
FNDA:0,(anonymous_49)
FNDA:0,(anonymous_50)
FNDA:1,(anonymous_51)
FNDA:2,(anonymous_52)
FNDA:0,(anonymous_53)
DA:3,1
DA:4,1
DA:5,1
DA:6,1
DA:7,1
DA:8,1
DA:9,1
DA:25,1
DA:26,1
DA:36,21
DA:47,27
DA:49,27
DA:50,26
DA:51,26
DA:52,26
DA:53,26
DA:54,26
DA:57,26
DA:72,26
DA:81,26
DA:89,26
DA:90,8
DA:108,26
DA:109,0
DA:111,0
DA:113,0
DA:115,0
DA:117,0
DA:119,0
DA:121,0
DA:125,26
DA:127,14
DA:132,26
DA:133,0
DA:135,0
DA:158,0
DA:159,0
DA:172,0
DA:174,0
DA:181,26
DA:182,0
DA:184,0
DA:198,0
DA:201,0
DA:202,0
DA:203,0
DA:221,0
DA:228,0
DA:230,0
DA:237,26
DA:238,0
DA:239,0
DA:241,0
DA:248,26
DA:261,1
DA:284,1
DA:292,0
DA:300,8
DA:344,0
DA:353,0
DA:374,0
DA:386,0
DA:397,0
DA:418,0
DA:427,0
DA:439,0
DA:455,0
DA:468,0
DA:484,0
DA:509,0
DA:510,0
DA:512,0
DA:543,0
DA:556,0
DA:573,0
DA:586,0
DA:605,0
DA:627,0
DA:642,0
DA:650,1
DA:665,2
DA:666,2
LF:82
LH:35
BRDA:109,0,0,0
BRDA:109,0,1,0
BRDA:109,0,2,0
BRDA:109,0,3,0
BRDA:109,0,4,0
BRDA:109,0,5,0
BRDA:127,1,0,14
BRDA:127,1,1,0
BRDA:127,1,2,0
BRDA:133,2,0,0
BRDA:133,2,1,0
BRDA:133,3,0,0
BRDA:133,3,1,0
BRDA:133,3,2,0
BRDA:138,4,0,0
BRDA:138,4,1,0
BRDA:144,5,0,0
BRDA:144,5,1,0
BRDA:146,6,0,0
BRDA:146,6,1,0
BRDA:147,7,0,0
BRDA:147,7,1,0
BRDA:148,8,0,0
BRDA:148,8,1,0
BRDA:182,9,0,0
BRDA:182,9,1,0
BRDA:182,10,0,0
BRDA:182,10,1,0
BRDA:187,11,0,0
BRDA:187,11,1,0
BRDA:191,12,0,0
BRDA:191,12,1,0
BRDA:194,13,0,0
BRDA:194,13,1,0
BRDA:195,14,0,0
BRDA:195,14,1,0
BRDA:203,15,0,0
BRDA:203,15,1,0
BRDA:248,16,0,1
BRDA:248,16,1,25
BRDA:313,17,0,8
BRDA:314,18,0,0
BRDA:331,19,0,0
BRDA:365,20,0,17
BRDA:385,21,0,0
BRDA:385,21,1,0
BRDA:395,22,0,0
BRDA:395,22,1,0
BRDA:417,23,0,0
BRDA:417,23,1,0
BRDA:426,24,0,0
BRDA:426,24,1,0
BRDA:437,25,0,0
BRDA:437,25,1,0
BRDA:454,26,0,0
BRDA:454,26,1,0
BRDA:494,27,0,17
BRDA:520,28,0,0
BRDA:534,29,0,17
BRDA:534,29,1,0
BRDA:554,30,0,0
BRDA:554,30,1,0
BRDA:572,31,0,0
BRDA:572,31,1,0
BRDA:584,32,0,0
BRDA:584,32,1,0
BRDA:603,33,0,0
BRDA:603,33,1,0
BRDA:654,34,0,1
BRDA:666,35,0,0
BRDA:666,35,1,2
BRDA:677,36,0,1
BRF:72
BRH:10
end_of_record
TN:
SF:components/telescope/modals/KeyboardHelp.tsx
FN:11,(anonymous_3)
FNF:1
FNH:0
FNDA:0,(anonymous_3)
DA:4,0
DA:5,0
DA:11,0
DA:12,0
DA:100,0
LF:5
LH:0
BRF:0
BRH:0
end_of_record
TN:
SF:components/telescope/modals/NotificationHistory.tsx
FN:8,NotificationHistory
FN:17,(anonymous_2)
FN:32,(anonymous_3)
FN:45,(anonymous_4)
FN:49,(anonymous_5)
FN:50,(anonymous_6)
FN:51,(anonymous_7)
FN:55,(anonymous_8)
FN:56,(anonymous_9)
FN:56,(anonymous_10)
FN:84,(anonymous_11)
FN:94,(anonymous_12)
FN:102,(anonymous_13)
FN:103,(anonymous_14)
FN:104,(anonymous_15)
FN:131,(anonymous_16)
FN:136,(anonymous_17)
FN:146,(anonymous_18)
FN:147,(anonymous_19)
FN:180,(anonymous_20)
FN:189,(anonymous_21)
FN:224,(anonymous_22)
FN:230,(anonymous_23)
FN:236,(anonymous_24)
FNF:24
FNH:0
FNDA:0,NotificationHistory
FNDA:0,(anonymous_2)
FNDA:0,(anonymous_3)
FNDA:0,(anonymous_4)
FNDA:0,(anonymous_5)
FNDA:0,(anonymous_6)
FNDA:0,(anonymous_7)
FNDA:0,(anonymous_8)
FNDA:0,(anonymous_9)
FNDA:0,(anonymous_10)
FNDA:0,(anonymous_11)
FNDA:0,(anonymous_12)
FNDA:0,(anonymous_13)
FNDA:0,(anonymous_14)
FNDA:0,(anonymous_15)
FNDA:0,(anonymous_16)
FNDA:0,(anonymous_17)
FNDA:0,(anonymous_18)
FNDA:0,(anonymous_19)
FNDA:0,(anonymous_20)
FNDA:0,(anonymous_21)
FNDA:0,(anonymous_22)
FNDA:0,(anonymous_23)
FNDA:0,(anonymous_24)
DA:3,0
DA:4,0
DA:5,0
DA:6,0
DA:8,0
DA:15,0
DA:17,0
DA:18,0
DA:32,0
DA:33,0
DA:34,0
DA:35,0
DA:36,0
DA:37,0
DA:39,0
DA:40,0
DA:41,0
DA:42,0
DA:45,0
DA:46,0
DA:49,0
DA:50,0
DA:51,0
DA:55,0
DA:56,0
DA:59,0
DA:84,0
DA:94,0
DA:102,0
DA:103,0
DA:105,0
DA:131,0
DA:136,0
DA:146,0
DA:148,0
DA:180,0
DA:189,0
DA:224,0
DA:230,0
DA:236,0
LF:40
LH:0
BRDA:39,0,0,0
BRDA:39,0,1,0
BRDA:40,1,0,0
BRDA:40,1,1,0
BRDA:41,2,0,0
BRDA:41,2,1,0
BRDA:51,3,0,0
BRDA:51,3,1,0
BRDA:59,4,0,0
BRDA:59,4,1,0
BRDA:70,5,0,0
BRDA:94,6,0,0
BRDA:131,7,0,0
BRDA:131,8,0,0
BRDA:131,8,1,0
BRDA:136,9,0,0
BRDA:136,9,1,0
BRDA:145,10,0,0
BRDA:151,11,0,0
BRDA:151,11,1,0
BRDA:166,12,0,0
BRDA:171,13,0,0
BRDA:214,14,0,0
BRDA:230,15,0,0
BRDA:230,15,1,0
BRF:25
BRH:0
end_of_record
TN:
SF:components/telescope/modals/NotificationSettings.tsx
FN:25,NotificationSettings
FN:34,(anonymous_2)
FN:65,(anonymous_3)
FN:130,(anonymous_4)
FN:150,(anonymous_5)
FN:165,(anonymous_6)
FN:202,(anonymous_7)
FN:217,(anonymous_8)
FN:229,(anonymous_9)
FN:242,(anonymous_10)
FN:277,(anonymous_11)
FN:293,(anonymous_12)
FN:335,(anonymous_13)
FN:341,(anonymous_14)
FN:344,(anonymous_15)
FN:381,(anonymous_16)
FN:399,(anonymous_17)
FN:414,(anonymous_18)
FN:429,(anonymous_19)
FN:455,(anonymous_20)
FN:472,(anonymous_21)
FN:486,(anonymous_22)
FN:514,(anonymous_23)
FNF:23
FNH:0
FNDA:0,NotificationSettings
FNDA:0,(anonymous_2)
FNDA:0,(anonymous_3)
FNDA:0,(anonymous_4)
FNDA:0,(anonymous_5)
FNDA:0,(anonymous_6)
FNDA:0,(anonymous_7)
FNDA:0,(anonymous_8)
FNDA:0,(anonymous_9)
FNDA:0,(anonymous_10)
FNDA:0,(anonymous_11)
FNDA:0,(anonymous_12)
FNDA:0,(anonymous_13)
FNDA:0,(anonymous_14)
FNDA:0,(anonymous_15)
FNDA:0,(anonymous_16)
FNDA:0,(anonymous_17)
FNDA:0,(anonymous_18)
FNDA:0,(anonymous_19)
FNDA:0,(anonymous_20)
FNDA:0,(anonymous_21)
FNDA:0,(anonymous_22)
FNDA:0,(anonymous_23)
DA:3,0
DA:4,0
DA:5,0
DA:6,0
DA:7,0
DA:8,0
DA:22,0
DA:23,0
DA:25,0
DA:32,0
DA:34,0
DA:35,0
DA:36,0
DA:37,0
DA:40,0
DA:41,0
DA:44,0
DA:45,0
DA:46,0
DA:49,0
DA:52,0
DA:65,0
DA:130,0
DA:151,0
DA:166,0
DA:203,0
DA:218,0
DA:230,0
DA:243,0
DA:278,0
DA:294,0
DA:336,0
DA:342,0
DA:344,0
DA:345,0
DA:382,0
DA:400,0
DA:415,0
DA:430,0
DA:456,0
DA:473,0
DA:487,0
DA:515,0
DA:516,0
LF:44
LH:0
BRDA:35,0,0,0
BRDA:35,0,1,0
BRDA:40,1,0,0
BRDA:40,1,1,0
BRDA:44,2,0,0
BRDA:44,2,1,0
BRDA:52,3,0,0
BRDA:52,3,1,0
BRDA:78,4,0,0
BRDA:90,5,0,0
BRDA:90,5,1,0
BRDA:92,6,0,0
BRDA:92,6,1,0
BRDA:97,7,0,0
BRDA:97,7,1,0
BRDA:99,8,0,0
BRDA:99,8,1,0
BRDA:104,9,0,0
BRDA:110,10,0,0
BRDA:110,10,1,0
BRDA:159,11,0,0
BRDA:211,12,0,0
BRDA:286,13,0,0
BRDA:342,14,0,0
BRDA:342,14,1,0
BRDA:390,15,0,0
BRDA:464,16,0,0
BRDA:515,17,0,0
BRDA:515,17,1,0
BRDA:515,18,0,0
BRDA:515,18,1,0
BRDA:522,19,0,0
BRDA:522,19,1,0
BRF:33
BRH:0
end_of_record
TN:
SF:components/telescope/modals/PlanningPanel.tsx
FN:13,PlanningPanel
FN:46,(anonymous_2)
FN:69,(anonymous_3)
FN:79,(anonymous_4)
FN:80,(anonymous_5)
FN:83,(anonymous_6)
FN:84,(anonymous_7)
FN:87,(anonymous_8)
FN:88,(anonymous_9)
FN:91,(anonymous_10)
FN:96,(anonymous_11)
FN:113,(anonymous_12)
FN:121,(anonymous_13)
FN:129,(anonymous_14)
FN:137,(anonymous_15)
FN:146,(anonymous_16)
FN:166,(anonymous_17)
FN:174,(anonymous_18)
FN:185,(anonymous_19)
FN:196,(anonymous_20)
FN:203,(anonymous_21)
FN:222,(anonymous_22)
FN:237,(anonymous_23)
FN:252,(anonymous_24)
FN:288,(anonymous_25)
FN:328,(anonymous_26)
FN:395,(anonymous_27)
FN:410,(anonymous_28)
FN:411,(anonymous_29)
FN:413,(anonymous_30)
FN:433,(anonymous_31)
FN:452,(anonymous_32)
FN:513,(anonymous_33)
FN:540,(anonymous_34)
FN:551,(anonymous_35)
FN:562,(anonymous_36)
FN:571,(anonymous_37)
FN:581,(anonymous_38)
FN:595,(anonymous_39)
FN:600,(anonymous_40)
FN:621,(anonymous_41)
FN:645,(anonymous_42)
FN:683,(anonymous_43)
FN:704,(anonymous_44)
FNF:44
FNH:0
FNDA:0,PlanningPanel
FNDA:0,(anonymous_2)
FNDA:0,(anonymous_3)
FNDA:0,(anonymous_4)
FNDA:0,(anonymous_5)
FNDA:0,(anonymous_6)
FNDA:0,(anonymous_7)
FNDA:0,(anonymous_8)
FNDA:0,(anonymous_9)
FNDA:0,(anonymous_10)
FNDA:0,(anonymous_11)
FNDA:0,(anonymous_12)
FNDA:0,(anonymous_13)
FNDA:0,(anonymous_14)
FNDA:0,(anonymous_15)
FNDA:0,(anonymous_16)
FNDA:0,(anonymous_17)
FNDA:0,(anonymous_18)
FNDA:0,(anonymous_19)
FNDA:0,(anonymous_20)
FNDA:0,(anonymous_21)
FNDA:0,(anonymous_22)
FNDA:0,(anonymous_23)
FNDA:0,(anonymous_24)
FNDA:0,(anonymous_25)
FNDA:0,(anonymous_26)
FNDA:0,(anonymous_27)
FNDA:0,(anonymous_28)
FNDA:0,(anonymous_29)
FNDA:0,(anonymous_30)
FNDA:0,(anonymous_31)
FNDA:0,(anonymous_32)
FNDA:0,(anonymous_33)
FNDA:0,(anonymous_34)
FNDA:0,(anonymous_35)
FNDA:0,(anonymous_36)
FNDA:0,(anonymous_37)
FNDA:0,(anonymous_38)
FNDA:0,(anonymous_39)
FNDA:0,(anonymous_40)
FNDA:0,(anonymous_41)
FNDA:0,(anonymous_42)
FNDA:0,(anonymous_43)
FNDA:0,(anonymous_44)
DA:3,0
DA:4,0
DA:5,0
DA:6,0
DA:7,0
DA:8,0
DA:9,0
DA:10,0
DA:11,0
DA:13,0
DA:39,0
DA:41,0
DA:43,0
DA:46,0
DA:47,0
DA:48,0
DA:49,0
DA:50,0
DA:51,0
DA:52,0
DA:54,0
DA:57,0
DA:58,0
DA:62,0
DA:63,0
DA:66,0
DA:69,0
DA:70,0
DA:71,0
DA:72,0
DA:74,0
DA:76,0
DA:79,0
DA:80,0
DA:83,0
DA:84,0
DA:87,0
DA:88,0
DA:91,0
DA:92,0
DA:93,0
DA:96,0
DA:97,0
DA:113,0
DA:121,0
DA:129,0
DA:137,0
DA:146,0
DA:166,0
DA:175,0
DA:176,0
DA:185,0
DA:197,0
DA:204,0
DA:205,0
DA:208,0
DA:209,0
DA:210,0
DA:212,0
DA:222,0
DA:238,0
DA:253,0
DA:289,0
DA:329,0
DA:395,0
DA:410,0
DA:411,0
DA:414,0
DA:434,0
DA:435,0
DA:453,0
DA:514,0
DA:515,0
DA:540,0
DA:551,0
DA:562,0
DA:571,0
DA:581,0
DA:596,0
DA:600,0
DA:621,0
DA:646,0
DA:647,0
DA:648,0
DA:649,0
DA:650,0
DA:651,0
DA:684,0
DA:704,0
LF:89
LH:0
BRDA:43,0,0,0
BRDA:43,0,1,0
BRDA:71,1,0,0
BRDA:71,1,1,0
BRDA:111,2,0,0
BRDA:111,2,1,0
BRDA:114,3,0,0
BRDA:114,3,1,0
BRDA:119,4,0,0
BRDA:119,4,1,0
BRDA:122,5,0,0
BRDA:122,5,1,0
BRDA:127,6,0,0
BRDA:127,6,1,0
BRDA:130,7,0,0
BRDA:130,7,1,0
BRDA:135,8,0,0
BRDA:135,8,1,0
BRDA:138,9,0,0
BRDA:138,9,1,0
BRDA:155,10,0,0
BRDA:204,11,0,0
BRDA:204,11,1,0
BRDA:216,12,0,0
BRDA:216,12,1,0
BRDA:218,13,0,0
BRDA:218,13,1,0
BRDA:225,14,0,0
BRDA:225,14,1,0
BRDA:228,15,0,0
BRDA:241,16,0,0
BRDA:241,16,1,0
BRDA:243,17,0,0
BRDA:243,17,1,0
BRDA:262,18,0,0
BRDA:270,19,0,0
BRDA:287,20,0,0
BRDA:294,21,0,0
BRDA:294,21,1,0
BRDA:296,22,0,0
BRDA:296,22,1,0
BRDA:313,23,0,0
BRDA:327,24,0,0
BRDA:351,25,0,0
BRDA:405,26,0,0
BRDA:427,27,0,0
BRDA:428,28,0,0
BRDA:429,29,0,0
BRDA:448,30,0,0
BRDA:465,31,0,0
BRDA:465,31,1,0
BRDA:465,32,0,0
BRDA:465,32,1,0
BRDA:477,33,0,0
BRDA:477,33,1,0
BRDA:479,34,0,0
BRDA:479,34,1,0
BRDA:510,35,0,0
BRDA:530,36,0,0
BRDA:582,37,0,0
BRDA:582,37,1,0
BRDA:585,38,0,0
BRDA:598,39,0,0
BRDA:598,39,1,0
BRDA:602,40,0,0
BRDA:602,40,1,0
BRDA:603,41,0,0
BRDA:603,41,1,0
BRDA:605,42,0,0
BRDA:605,42,1,0
BRDA:656,43,0,0
BRDA:664,44,0,0
BRDA:664,44,1,0
BRDA:666,45,0,0
BRDA:666,45,1,0
BRDA:678,46,0,0
BRF:76
BRH:0
end_of_record
TN:
SF:components/telescope/modals/TelescopeManagementModal.tsx
FN:61,(anonymous_1)
FN:76,(anonymous_2)
FN:92,TelescopeManagementModal
FN:137,(anonymous_4)
FN:138,(anonymous_5)
FN:140,(anonymous_6)
FN:189,(anonymous_7)
FN:197,(anonymous_8)
FN:231,(anonymous_9)
FN:239,(anonymous_10)
FN:320,(anonymous_12)
FN:331,(anonymous_13)
FN:415,(anonymous_15)
FN:425,(anonymous_16)
FN:487,(anonymous_17)
FN:511,(anonymous_18)
FN:546,(anonymous_19)
FN:578,(anonymous_20)
FN:590,(anonymous_21)
FN:601,(anonymous_22)
FN:612,(anonymous_23)
FN:621,(anonymous_24)
FN:668,(anonymous_25)
FN:693,(anonymous_26)
FN:705,(anonymous_27)
FN:716,(anonymous_28)
FN:727,(anonymous_29)
FN:738,(anonymous_30)
FN:749,(anonymous_31)
FNF:29
FNH:0
FNDA:0,(anonymous_1)
FNDA:0,(anonymous_2)
FNDA:0,TelescopeManagementModal
FNDA:0,(anonymous_4)
FNDA:0,(anonymous_5)
FNDA:0,(anonymous_6)
FNDA:0,(anonymous_7)
FNDA:0,(anonymous_8)
FNDA:0,(anonymous_9)
FNDA:0,(anonymous_10)
FNDA:0,(anonymous_12)
FNDA:0,(anonymous_13)
FNDA:0,(anonymous_15)
FNDA:0,(anonymous_16)
FNDA:0,(anonymous_17)
FNDA:0,(anonymous_18)
FNDA:0,(anonymous_19)
FNDA:0,(anonymous_20)
FNDA:0,(anonymous_21)
FNDA:0,(anonymous_22)
FNDA:0,(anonymous_23)
FNDA:0,(anonymous_24)
FNDA:0,(anonymous_25)
FNDA:0,(anonymous_26)
FNDA:0,(anonymous_27)
FNDA:0,(anonymous_28)
FNDA:0,(anonymous_29)
FNDA:0,(anonymous_30)
FNDA:0,(anonymous_31)
DA:3,0
DA:10,0
DA:11,0
DA:12,0
DA:13,0
DA:19,0
DA:26,0
DA:33,0
DA:34,0
DA:35,0
DA:36,0
DA:37,0
DA:54,0
DA:61,0
DA:62,0
DA:76,0
DA:77,0
DA:79,0
DA:81,0
DA:83,0
DA:85,0
DA:87,0
DA:92,0
DA:111,0
DA:114,0
DA:119,0
DA:120,0
DA:121,0
DA:122,0
DA:123,0
DA:124,0
DA:125,0
DA:126,0
DA:129,0
DA:130,0
DA:131,0
DA:132,0
DA:133,0
DA:137,0
DA:138,0
DA:140,0
DA:141,0
DA:142,0
DA:147,0
DA:150,0
DA:152,0
DA:154,0
DA:170,0
DA:173,0
DA:174,0
DA:175,0
DA:176,0
DA:177,0
DA:178,0
DA:179,0
DA:181,0
DA:183,0
DA:185,0
DA:189,0
DA:190,0
DA:191,0
DA:193,0
DA:197,0
DA:198,0
DA:199,0
DA:204,0
DA:207,0
DA:209,0
DA:210,0
DA:218,0
DA:219,0
DA:220,0
DA:221,0
DA:223,0
DA:225,0
DA:227,0
DA:231,0
DA:232,0
DA:233,0
DA:235,0
DA:239,0
DA:240,0
DA:241,0
DA:243,0
DA:320,0
DA:331,0
DA:415,0
DA:425,0
DA:488,0
DA:512,0
DA:547,0
DA:578,0
DA:590,0
DA:601,0
DA:612,0
DA:622,0
DA:623,0
DA:624,0
DA:625,0
DA:668,0
DA:693,0
DA:705,0
DA:716,0
DA:727,0
DA:738,0
DA:750,0
DA:751,0
DA:752,0
DA:753,0
DA:754,0
DA:755,0
DA:756,0
LF:112
LH:0
BRDA:77,0,0,0
BRDA:77,0,1,0
BRDA:77,0,2,0
BRDA:77,0,3,0
BRDA:77,0,4,0
BRDA:115,1,0,0
BRDA:115,1,1,0
BRDA:137,2,0,0
BRDA:137,2,1,0
BRDA:141,3,0,0
BRDA:141,3,1,0
BRDA:141,4,0,0
BRDA:141,4,1,0
BRDA:141,4,2,0
BRDA:159,5,0,0
BRDA:159,5,1,0
BRDA:198,6,0,0
BRDA:198,6,1,0
BRDA:198,7,0,0
BRDA:198,7,1,0
BRDA:213,8,0,0
BRDA:213,8,1,0
BRDA:214,9,0,0
BRDA:214,9,1,0
BRDA:254,10,0,0
BRDA:254,10,1,0
BRDA:255,11,0,0
BRDA:259,12,0,0
BRDA:259,12,1,0
BRDA:264,13,0,0
BRDA:264,13,1,0
BRDA:269,14,0,0
BRDA:269,14,1,0
BRDA:269,14,2,0
BRDA:277,15,0,0
BRDA:277,15,1,0
BRDA:279,16,0,0
BRDA:279,16,1,0
BRDA:293,17,0,0
BRDA:293,17,1,0
BRDA:299,18,0,0
BRDA:305,19,0,0
BRDA:315,20,0,0
BRDA:327,21,0,0
BRDA:349,22,0,0
BRDA:349,22,1,0
BRDA:358,23,0,0
BRDA:358,23,1,0
BRDA:363,24,0,0
BRDA:365,25,0,0
BRDA:372,26,0,0
BRDA:372,26,1,0
BRDA:374,27,0,0
BRDA:374,27,1,0
BRDA:379,28,0,0
BRDA:379,28,1,0
BRDA:380,29,0,0
BRDA:380,29,1,0
BRDA:381,30,0,0
BRDA:381,30,1,0
BRDA:394,31,0,0
BRDA:394,31,1,0
BRDA:396,32,0,0
BRDA:402,33,0,0
BRDA:411,34,0,0
BRDA:473,35,0,0
BRDA:473,35,1,0
BRDA:480,36,0,0
BRDA:504,37,0,0
BRDA:532,38,0,0
BRDA:532,38,1,0
BRDA:539,39,0,0
BRDA:632,40,0,0
BRDA:632,40,1,0
BRDA:632,40,2,0
BRDA:635,41,0,0
BRDA:763,42,0,0
BRDA:763,42,1,0
BRDA:763,42,2,0
BRDA:763,42,3,0
BRDA:766,43,0,0
BRF:81
BRH:0
end_of_record
TN:
SF:components/telescope/panels/EnvironmentPanel.tsx
FN:9,EnvironmentPanel
FNF:1
FNH:0
FNDA:0,EnvironmentPanel
DA:3,0
DA:4,0
DA:5,0
DA:6,0
DA:7,0
DA:9,0
DA:10,0
LF:7
LH:0
BRDA:62,0,0,0
BRDA:62,0,1,0
BRDA:62,1,0,0
BRDA:62,1,1,0
BRDA:64,2,0,0
BRDA:64,2,1,0
BRDA:69,3,0,0
BRDA:69,3,1,0
BRDA:69,4,0,0
BRDA:69,4,1,0
BRDA:71,5,0,0
BRDA:71,5,1,0
BRDA:94,6,0,0
BRDA:94,6,1,0
BRDA:117,7,0,0
BRDA:117,7,1,0
BRDA:118,8,0,0
BRDA:118,8,1,0
BRDA:138,9,0,0
BRDA:138,9,1,0
BRDA:140,10,0,0
BRDA:140,10,1,0
BRDA:145,11,0,0
BRDA:145,11,1,0
BRDA:147,12,0,0
BRDA:147,12,1,0
BRF:26
BRH:0
end_of_record
TN:
SF:components/telescope/panels/EquipmentSelector.tsx
FN:18,EquipmentSelector
FN:26,(anonymous_2)
FN:28,(anonymous_3)
FN:30,(anonymous_4)
FN:36,(anonymous_5)
FN:40,(anonymous_6)
FN:42,(anonymous_7)
FN:43,(anonymous_8)
FN:44,(anonymous_9)
FN:75,(anonymous_10)
FN:83,(anonymous_11)
FN:93,(anonymous_12)
FN:98,(anonymous_13)
FN:133,(anonymous_14)
FN:142,(anonymous_15)
FN:150,(anonymous_16)
FN:151,(anonymous_17)
FN:168,(anonymous_18)
FN:182,(anonymous_19)
FNF:19
FNH:0
FNDA:0,EquipmentSelector
FNDA:0,(anonymous_2)
FNDA:0,(anonymous_3)
FNDA:0,(anonymous_4)
FNDA:0,(anonymous_5)
FNDA:0,(anonymous_6)
FNDA:0,(anonymous_7)
FNDA:0,(anonymous_8)
FNDA:0,(anonymous_9)
FNDA:0,(anonymous_10)
FNDA:0,(anonymous_11)
FNDA:0,(anonymous_12)
FNDA:0,(anonymous_13)
FNDA:0,(anonymous_14)
FNDA:0,(anonymous_15)
FNDA:0,(anonymous_16)
FNDA:0,(anonymous_17)
FNDA:0,(anonymous_18)
FNDA:0,(anonymous_19)
DA:3,0
DA:4,0
DA:5,0
DA:6,0
DA:7,0
DA:8,0
DA:9,0
DA:18,0
DA:23,0
DA:24,0
DA:26,0
DA:28,0
DA:29,0
DA:30,0
DA:33,0
DA:36,0
DA:37,0
DA:40,0
DA:41,0
DA:42,0
DA:43,0
DA:44,0
DA:46,0
DA:47,0
DA:49,0
DA:50,0
DA:52,0
DA:53,0
DA:55,0
DA:56,0
DA:59,0
DA:62,0
DA:75,0
DA:83,0
DA:94,0
DA:98,0
DA:134,0
DA:142,0
DA:151,0
DA:152,0
DA:169,0
DA:183,0
LF:42
LH:0
BRDA:21,0,0,0
BRDA:29,1,0,0
BRDA:29,1,1,0
BRDA:46,2,0,0
BRDA:46,2,1,0
BRDA:49,3,0,0
BRDA:49,3,1,0
BRDA:52,4,0,0
BRDA:52,4,1,0
BRDA:55,5,0,0
BRDA:55,5,1,0
BRDA:55,6,0,0
BRDA:55,6,1,0
BRDA:62,7,0,0
BRDA:62,7,1,0
BRDA:74,8,0,0
BRDA:74,8,1,0
BRDA:82,9,0,0
BRDA:82,9,1,0
BRDA:92,10,0,0
BRDA:103,11,0,0
BRDA:113,12,0,0
BRDA:113,12,1,0
BRDA:115,13,0,0
BRDA:115,13,1,0
BRDA:117,14,0,0
BRDA:117,14,1,0
BRDA:138,15,0,0
BRDA:152,16,0,0
BRDA:152,16,1,0
BRDA:164,17,0,0
BRDA:175,18,0,0
BRDA:189,19,0,0
BRDA:189,19,1,0
BRF:34
BRH:0
end_of_record
TN:
SF:components/telescope/panels/FocusControl.tsx
FN:9,FocusControl
FN:32,(anonymous_2)
FN:40,(anonymous_3)
FNF:3
FNH:3
FNDA:36,FocusControl
FNDA:10,(anonymous_2)
FNDA:3,(anonymous_3)
DA:3,2
DA:4,2
DA:5,2
DA:6,2
DA:7,2
DA:9,36
DA:10,36
DA:32,10
DA:40,3
LF:9
LH:9
BRF:0
BRH:0
end_of_record
TN:
SF:components/telescope/panels/ImageControls.tsx
FN:8,ImageControls
FNF:1
FNH:0
FNDA:0,ImageControls
DA:3,0
DA:4,0
DA:5,0
DA:6,0
DA:8,0
DA:10,0
LF:6
LH:0
BRF:0
BRH:0
end_of_record
TN:
SF:components/telescope/panels/ImagingMetrics.tsx
FN:8,ImagingMetrics
FN:16,(anonymous_2)
FN:97,(anonymous_3)
FNF:3
FNH:0
FNDA:0,ImagingMetrics
FNDA:0,(anonymous_2)
FNDA:0,(anonymous_3)
DA:3,0
DA:4,0
DA:5,0
DA:6,0
DA:8,0
DA:14,0
DA:16,0
DA:17,0
DA:18,0
DA:98,0
LF:10
LH:0
BRDA:39,0,0,0
BRDA:103,1,0,0
BRDA:103,1,1,0
BRF:3
BRH:0
end_of_record
TN:
SF:components/telescope/panels/ImagingPanel.tsx
FN:8,ImagingPanel
FN:25,(anonymous_2)
FN:26,(anonymous_3)
FN:27,(anonymous_4)
FN:34,(anonymous_5)
FN:37,(anonymous_6)
FN:46,(anonymous_7)
FNF:7
FNH:0
FNDA:0,ImagingPanel
FNDA:0,(anonymous_2)
FNDA:0,(anonymous_3)
FNDA:0,(anonymous_4)
FNDA:0,(anonymous_5)
FNDA:0,(anonymous_6)
FNDA:0,(anonymous_7)
DA:3,1
DA:4,1
DA:5,1
DA:6,1
DA:8,0
DA:13,0
DA:16,0
DA:25,0
DA:26,0
DA:27,0
DA:34,0
DA:37,0
DA:38,0
DA:39,0
DA:46,0
DA:47,0
DA:48,0
DA:49,0
DA:51,0
DA:52,0
DA:53,0
DA:54,0
DA:56,0
DA:60,0
LF:24
LH:4
BRDA:51,0,0,0
BRDA:51,0,1,0
BRDA:53,1,0,0
BRDA:53,1,1,0
BRDA:80,2,0,0
BRF:5
BRH:0
end_of_record
TN:
SF:components/telescope/panels/LogPanel.tsx
FN:8,LogPanel
FN:15,(anonymous_2)
FN:22,(anonymous_3)
FN:32,(anonymous_4)
FNF:4
FNH:0
FNDA:0,LogPanel
FNDA:0,(anonymous_2)
FNDA:0,(anonymous_3)
FNDA:0,(anonymous_4)
DA:3,1
DA:4,1
DA:5,1
DA:6,1
DA:8,0
DA:9,0
DA:15,0
DA:23,0
DA:32,0
LF:9
LH:4
BRDA:22,0,0,0
BRDA:49,1,0,0
BRF:2
BRH:0
end_of_record
TN:
SF:components/telescope/panels/MoonPhase.tsx
FN:8,MoonPhase
FNF:1
FNH:0
FNDA:0,MoonPhase
DA:3,0
DA:4,0
DA:5,0
DA:6,0
DA:8,0
DA:9,0
LF:6
LH:0
BRDA:28,0,0,0
BRDA:28,0,1,0
BRDA:66,1,0,0
BRDA:66,1,1,0
BRDA:67,2,0,0
BRDA:67,2,1,0
BRDA:79,3,0,0
BRDA:79,3,1,0
BRDA:81,4,0,0
BRDA:81,4,1,0
BRDA:86,5,0,0
BRDA:86,5,1,0
BRDA:88,6,0,0
BRDA:88,6,1,0
BRF:14
BRH:0
end_of_record
TN:
SF:components/telescope/panels/ObservationLogger.tsx
FN:10,ObservationLogger
FN:52,(anonymous_2)
FNF:2
FNH:2
FNDA:31,ObservationLogger
FNDA:4,(anonymous_2)
DA:3,3
DA:4,3
DA:5,3
DA:6,3
DA:7,3
DA:8,3
DA:10,31
DA:23,31
DA:25,31
DA:52,4
LF:10
LH:10
BRDA:25,0,0,4
BRDA:25,0,1,27
BRDA:62,1,0,27
BRDA:62,1,1,1
BRDA:62,2,0,27
BRDA:62,2,1,1
BRDA:65,3,0,27
BRDA:65,3,1,1
BRDA:65,4,0,27
BRDA:65,4,1,1
BRDA:67,5,0,27
BRF:11
BRH:11
end_of_record
TN:
SF:components/telescope/panels/RecommendedTargets.tsx
FN:10,RecommendedTargets
FN:14,(anonymous_2)
FN:31,(anonymous_3)
FN:53,(anonymous_4)
FN:75,(anonymous_5)
FN:81,(anonymous_6)
FNF:6
FNH:0
FNDA:0,RecommendedTargets
FNDA:0,(anonymous_2)
FNDA:0,(anonymous_3)
FNDA:0,(anonymous_4)
FNDA:0,(anonymous_5)
FNDA:0,(anonymous_6)
DA:3,0
DA:4,0
DA:5,0
DA:6,0
DA:7,0
DA:8,0
DA:10,0
DA:11,0
DA:14,0
DA:15,0
DA:16,0
DA:17,0
DA:18,0
DA:21,0
DA:23,0
DA:24,0
DA:25,0
DA:26,0
DA:27,0
DA:33,0
DA:34,0
DA:41,0
DA:42,0
DA:49,0
DA:55,0
DA:76,0
DA:81,0
LF:27
LH:0
BRDA:23,0,0,0
BRDA:23,0,1,0
BRDA:24,1,0,0
BRDA:24,1,1,0
BRDA:25,2,0,0
BRDA:25,2,1,0
BRDA:26,3,0,0
BRDA:26,3,1,0
BRDA:33,4,0,0
BRDA:33,4,1,0
BRDA:33,5,0,0
BRDA:33,5,1,0
BRDA:35,6,0,0
BRDA:35,6,1,0
BRDA:35,6,2,0
BRDA:35,6,3,0
BRDA:41,7,0,0
BRDA:41,7,1,0
BRDA:43,8,0,0
BRDA:43,8,1,0
BRDA:43,8,2,0
BRDA:43,8,3,0
BRDA:50,9,0,0
BRDA:50,9,1,0
BRDA:50,9,2,0
BRDA:75,10,0,0
BRDA:79,11,0,0
BRDA:79,11,1,0
BRF:28
BRH:0
end_of_record
TN:
SF:components/telescope/panels/SessionManagement.tsx
FN:11,SessionManagement
FN:52,(anonymous_2)
FN:61,(anonymous_3)
FN:72,(anonymous_4)
FN:120,(anonymous_5)
FN:139,(anonymous_6)
FN:155,(anonymous_7)
FNF:7
FNH:5
FNDA:39,SessionManagement
FNDA:0,(anonymous_2)
FNDA:2,(anonymous_3)
FNDA:0,(anonymous_4)
FNDA:1,(anonymous_5)
FNDA:1,(anonymous_6)
FNDA:7,(anonymous_7)
DA:3,3
DA:4,3
DA:5,3
DA:6,3
DA:7,3
DA:8,3
DA:9,3
DA:11,39
DA:29,39
DA:52,0
DA:61,2
DA:72,0
DA:120,1
DA:139,1
DA:156,7
LF:15
LH:13
BRDA:36,0,0,20
BRDA:36,0,1,19
BRDA:41,1,0,20
BRDA:53,2,0,20
BRDA:53,2,1,20
BRDA:79,3,0,20
BRDA:82,4,0,20
BRDA:89,5,0,20
BRDA:98,6,0,3
BRDA:121,7,0,19
BRDA:121,7,1,17
BRDA:124,8,0,19
BRDA:128,9,0,2
BRDA:151,10,0,19
BRDA:159,11,0,7
BRDA:159,11,1,0
BRDA:164,12,0,6
BRDA:164,12,1,1
BRDA:166,13,0,6
BRDA:166,13,1,0
BRDA:167,14,0,6
BRDA:167,14,1,0
BRF:22
BRH:19
end_of_record
TN:
SF:components/telescope/panels/StatsPanel.tsx
FN:10,StatsPanel
FN:14,(anonymous_2)
FN:35,(anonymous_3)
FN:40,(anonymous_4)
FN:48,(anonymous_5)
FN:56,(anonymous_6)
FN:64,(anonymous_7)
FN:72,(anonymous_8)
FN:80,(anonymous_9)
FN:84,(anonymous_10)
FN:85,(anonymous_11)
FN:140,(anonymous_12)
FN:196,(anonymous_13)
FN:212,(anonymous_14)
FN:236,(anonymous_15)
FN:255,(anonymous_16)
FN:264,(anonymous_17)
FNF:17
FNH:0
FNDA:0,StatsPanel
FNDA:0,(anonymous_2)
FNDA:0,(anonymous_3)
FNDA:0,(anonymous_4)
FNDA:0,(anonymous_5)
FNDA:0,(anonymous_6)
FNDA:0,(anonymous_7)
FNDA:0,(anonymous_8)
FNDA:0,(anonymous_9)
FNDA:0,(anonymous_10)
FNDA:0,(anonymous_11)
FNDA:0,(anonymous_12)
FNDA:0,(anonymous_13)
FNDA:0,(anonymous_14)
FNDA:0,(anonymous_15)
FNDA:0,(anonymous_16)
FNDA:0,(anonymous_17)
DA:3,1
DA:4,1
DA:5,1
DA:6,1
DA:7,1
DA:10,0
DA:11,0
DA:14,0
DA:15,0
DA:16,0
DA:32,0
DA:34,0
DA:35,0
DA:39,0
DA:40,0
DA:41,0
DA:42,0
DA:47,0
DA:48,0
DA:49,0
DA:50,0
DA:55,0
DA:56,0
DA:57,0
DA:58,0
DA:63,0
DA:64,0
DA:65,0
DA:66,0
DA:71,0
DA:72,0
DA:73,0
DA:74,0
DA:79,0
DA:80,0
DA:83,0
DA:84,0
DA:85,0
DA:89,0
DA:90,0
DA:91,0
DA:92,0
DA:93,0
DA:94,0
DA:99,0
DA:100,0
DA:101,0
DA:102,0
DA:103,0
DA:104,0
DA:109,0
DA:110,0
DA:111,0
DA:112,0
DA:113,0
DA:114,0
DA:118,0
DA:140,0
DA:197,0
DA:213,0
DA:237,0
DA:256,0
DA:265,0
LF:63
LH:5
BRDA:15,0,0,0
BRDA:15,0,1,0
BRDA:34,1,0,0
BRDA:34,1,1,0
BRDA:35,2,0,0
BRDA:35,2,1,0
BRDA:41,3,0,0
BRDA:41,3,1,0
BRDA:41,4,0,0
BRDA:41,4,1,0
BRDA:42,5,0,0
BRDA:42,5,1,0
BRDA:49,6,0,0
BRDA:49,6,1,0
BRDA:49,7,0,0
BRDA:49,7,1,0
BRDA:50,8,0,0
BRDA:50,8,1,0
BRDA:57,9,0,0
BRDA:57,9,1,0
BRDA:57,10,0,0
BRDA:57,10,1,0
BRDA:58,11,0,0
BRDA:58,11,1,0
BRDA:65,12,0,0
BRDA:65,12,1,0
BRDA:66,13,0,0
BRDA:66,13,1,0
BRDA:73,14,0,0
BRDA:73,14,1,0
BRDA:73,15,0,0
BRDA:73,15,1,0
BRDA:74,16,0,0
BRDA:74,16,1,0
BRDA:80,17,0,0
BRDA:80,17,1,0
BRDA:84,18,0,0
BRDA:84,18,1,0
BRDA:92,19,0,0
BRDA:92,19,1,0
BRDA:102,20,0,0
BRDA:102,20,1,0
BRDA:112,21,0,0
BRDA:112,21,1,0
BRDA:199,22,0,0
BRDA:199,22,1,0
BRDA:200,23,0,0
BRDA:200,23,1,0
BRDA:215,24,0,0
BRDA:215,24,1,0
BRDA:222,25,0,0
BRDA:222,25,1,0
BRDA:226,26,0,0
BRDA:226,26,1,0
BRDA:240,27,0,0
BRDA:240,27,1,0
BRDA:240,27,2,0
BRDA:241,28,0,0
BRDA:241,28,1,0
BRDA:243,29,0,0
BRDA:243,29,1,0
BRF:61
BRH:0
end_of_record
TN:
SF:components/telescope/panels/TargetSearch.tsx
FN:11,TargetSearch
FN:15,(anonymous_2)
FN:20,(anonymous_3)
FN:44,(anonymous_4)
FN:50,(anonymous_5)
FN:56,(anonymous_6)
FNF:6
FNH:0
FNDA:0,TargetSearch
FNDA:0,(anonymous_2)
FNDA:0,(anonymous_3)
FNDA:0,(anonymous_4)
FNDA:0,(anonymous_5)
FNDA:0,(anonymous_6)
DA:3,0
DA:4,0
DA:5,0
DA:6,0
DA:7,0
DA:8,0
DA:9,0
DA:11,0
DA:12,0
DA:15,0
DA:16,0
DA:18,0
DA:19,0
DA:21,0
DA:44,0
DA:51,0
DA:56,0
LF:17
LH:0
BRDA:16,0,0,0
BRDA:16,0,1,0
BRDA:21,1,0,0
BRDA:21,1,1,0
BRDA:21,1,2,0
BRDA:21,1,3,0
BRDA:50,2,0,0
BRDA:54,3,0,0
BRDA:54,3,1,0
BRF:9
BRH:0
end_of_record
TN:
SF:components/telescope/panels/TelescopeControls.tsx
FN:13,TelescopeControls
FN:39,(anonymous_2)
FN:49,(anonymous_3)
FN:54,(anonymous_4)
FN:65,(anonymous_5)
FN:69,(anonymous_6)
FN:73,(anonymous_7)
FN:77,(anonymous_8)
FN:82,(anonymous_9)
FN:83,(anonymous_10)
FN:90,(anonymous_11)
FN:99,(anonymous_12)
FN:191,(anonymous_13)
FN:194,(anonymous_14)
FN:204,(anonymous_15)
FN:207,(anonymous_16)
FN:216,(anonymous_17)
FN:224,(anonymous_18)
FN:227,(anonymous_19)
FN:237,(anonymous_20)
FN:240,(anonymous_21)
FN:257,(anonymous_22)
FN:284,(anonymous_23)
FN:292,(anonymous_24)
FNF:24
FNH:4
FNDA:28,TelescopeControls
FNDA:0,(anonymous_2)
FNDA:0,(anonymous_3)
FNDA:0,(anonymous_4)
FNDA:0,(anonymous_5)
FNDA:0,(anonymous_6)
FNDA:0,(anonymous_7)
FNDA:0,(anonymous_8)
FNDA:28,(anonymous_9)
FNDA:28,(anonymous_10)
FNDA:0,(anonymous_11)
FNDA:0,(anonymous_12)
FNDA:0,(anonymous_13)
FNDA:0,(anonymous_14)
FNDA:0,(anonymous_15)
FNDA:0,(anonymous_16)
FNDA:0,(anonymous_17)
FNDA:0,(anonymous_18)
FNDA:0,(anonymous_19)
FNDA:0,(anonymous_20)
FNDA:0,(anonymous_21)
FNDA:1,(anonymous_22)
FNDA:0,(anonymous_23)
FNDA:0,(anonymous_24)
DA:3,1
DA:4,1
DA:5,1
DA:6,1
DA:7,1
DA:8,1
DA:9,1
DA:10,1
DA:11,1
DA:13,28
DA:35,28
DA:37,28
DA:39,28
DA:41,0
DA:42,0
DA:46,0
DA:49,0
DA:50,0
DA:54,28
DA:56,0
DA:57,0
DA:58,0
DA:62,0
DA:65,28
DA:66,0
DA:69,28
DA:70,0
DA:73,28
DA:74,0
DA:77,28
DA:78,0
DA:82,28
DA:83,28
DA:84,28
DA:85,0
DA:90,28
DA:91,0
DA:92,0
DA:99,28
DA:100,0
DA:101,0
DA:102,0
DA:104,0
DA:106,0
DA:107,0
DA:112,0
DA:115,0
DA:116,0
DA:127,0
DA:128,0
DA:132,0
DA:134,0
DA:135,0
DA:191,0
DA:194,0
DA:204,0
DA:207,0
DA:216,0
DA:224,0
DA:227,0
DA:237,0
DA:240,0
DA:257,1
DA:284,0
DA:292,0
LF:65
LH:24
BRDA:41,0,0,0
BRDA:41,0,1,0
BRDA:56,1,0,0
BRDA:56,1,1,0
BRDA:84,2,0,0
BRDA:84,2,1,28
BRDA:93,3,0,0
BRDA:93,3,1,0
BRDA:94,4,0,0
BRDA:94,4,1,0
BRDA:95,5,0,0
BRDA:95,5,1,0
BRDA:104,6,0,0
BRDA:104,6,1,0
BRDA:106,7,0,0
BRDA:106,7,1,0
BRDA:127,8,0,0
BRDA:127,8,1,0
BRDA:138,9,0,0
BRDA:138,9,1,0
BRDA:158,10,0,28
BRDA:158,10,1,0
BRDA:162,11,0,28
BRDA:162,11,1,0
BRDA:169,12,0,5
BRDA:169,12,1,23
BRDA:169,13,0,28
BRDA:169,13,1,5
BRDA:175,14,0,5
BRDA:175,14,1,23
BRDA:175,15,0,28
BRDA:175,15,1,5
BRDA:345,16,0,0
BRDA:345,16,1,28
BRDA:351,17,0,0
BRF:35
BRH:12
end_of_record
TN:
SF:components/telescope/panels/TelescopeMovement.tsx
FN:10,TelescopeMovement
FN:14,(anonymous_2)
FN:24,(anonymous_3)
FN:29,(anonymous_4)
FN:40,(anonymous_5)
FN:44,(anonymous_6)
FN:48,(anonymous_7)
FN:52,(anonymous_8)
FN:57,(anonymous_9)
FN:58,(anonymous_10)
FN:76,(anonymous_11)
FN:79,(anonymous_12)
FN:89,(anonymous_13)
FN:92,(anonymous_14)
FN:101,(anonymous_15)
FN:109,(anonymous_16)
FN:112,(anonymous_17)
FN:122,(anonymous_18)
FN:125,(anonymous_19)
FNF:19
FNH:0
FNDA:0,TelescopeMovement
FNDA:0,(anonymous_2)
FNDA:0,(anonymous_3)
FNDA:0,(anonymous_4)
FNDA:0,(anonymous_5)
FNDA:0,(anonymous_6)
FNDA:0,(anonymous_7)
FNDA:0,(anonymous_8)
FNDA:0,(anonymous_9)
FNDA:0,(anonymous_10)
FNDA:0,(anonymous_11)
FNDA:0,(anonymous_12)
FNDA:0,(anonymous_13)
FNDA:0,(anonymous_14)
FNDA:0,(anonymous_15)
FNDA:0,(anonymous_16)
FNDA:0,(anonymous_17)
FNDA:0,(anonymous_18)
FNDA:0,(anonymous_19)
DA:3,0
DA:4,0
DA:5,0
DA:6,0
DA:7,0
DA:8,0
DA:10,0
DA:11,0
DA:12,0
DA:14,0
DA:16,0
DA:17,0
DA:21,0
DA:24,0
DA:25,0
DA:29,0
DA:31,0
DA:32,0
DA:33,0
DA:37,0
DA:40,0
DA:41,0
DA:44,0
DA:45,0
DA:48,0
DA:49,0
DA:52,0
DA:53,0
DA:57,0
DA:58,0
DA:59,0
DA:60,0
DA:76,0
DA:79,0
DA:89,0
DA:92,0
DA:101,0
DA:109,0
DA:112,0
DA:122,0
DA:125,0
LF:41
LH:0
BRDA:16,0,0,0
BRDA:16,0,1,0
BRDA:31,1,0,0
BRDA:31,1,1,0
BRDA:59,2,0,0
BRDA:59,2,1,0
BRF:6
BRH:0
end_of_record
TN:
SF:components/telescope/panels/WeatherConditions.tsx
FN:8,WeatherConditions
FNF:1
FNH:0
FNDA:0,WeatherConditions
DA:3,0
DA:4,0
DA:5,0
DA:6,0
DA:8,0
DA:9,0
LF:6
LH:0
BRDA:60,0,0,0
BRDA:60,0,1,0
BRDA:60,1,0,0
BRDA:60,1,1,0
BRDA:62,2,0,0
BRDA:62,2,1,0
BRDA:67,3,0,0
BRDA:67,3,1,0
BRDA:67,4,0,0
BRDA:67,4,1,0
BRDA:69,5,0,0
BRDA:69,5,1,0
BRF:12
BRH:0
end_of_record
TN:
SF:components/ui/accordion.tsx
FNF:0
FNH:0
DA:3,0
DA:4,0
DA:5,0
DA:7,0
DA:9,0
DA:21,0
DA:41,0
DA:56,0
DA:58,0
LF:9
LH:0
BRF:0
BRH:0
end_of_record
TN:
SF:components/ui/alert-dialog.tsx
FNF:0
FNH:0
DA:3,0
DA:4,0
DA:6,0
DA:7,0
DA:9,0
DA:11,0
DA:13,0
DA:28,0
DA:46,0
DA:60,0
DA:74,0
DA:86,0
DA:98,0
DA:111,0
DA:127,0
DA:130,0
DA:131,0
DA:132,0
DA:133,0
DA:134,0
DA:135,0
DA:136,0
DA:137,0
DA:138,0
DA:139,0
DA:140,0
LF:26
LH:0
BRF:0
BRH:0
end_of_record
TN:
SF:components/ui/alert.tsx
FNF:0
FNH:0
DA:1,0
DA:2,0
DA:4,0
DA:6,0
DA:33,0
DA:45,0
DA:57,0
DA:59,0
LF:8
LH:0
BRF:0
BRH:0
end_of_record
TN:
SF:components/ui/aspect-ratio.tsx
FNF:0
FNH:0
DA:3,0
DA:5,0
DA:7,0
LF:3
LH:0
BRF:0
BRH:0
end_of_record
TN:
SF:components/ui/avatar.tsx
FNF:0
FNH:0
DA:3,1
DA:4,1
DA:6,1
DA:21,1
DA:33,1
DA:48,1
DA:50,9
LF:7
LH:7
BRF:0
BRH:0
end_of_record
TN:
SF:components/ui/badge.tsx
FN:30,Badge
FNF:1
FNH:1
FNDA:19,Badge
DA:1,3
DA:2,3
DA:4,3
DA:6,3
DA:36,58
LF:5
LH:5
BRF:0
BRH:0
end_of_record
TN:
SF:components/ui/breadcrumb.tsx
FN:47,(anonymous_14)
FNF:1
FNH:0
FNDA:0,(anonymous_14)
DA:1,0
DA:2,0
DA:3,0
DA:5,0
DA:13,0
DA:28,0
DA:40,0
DA:42,0
DA:48,0
DA:58,0
DA:73,0
DA:89,0
DA:105,0
DA:108,0
DA:109,0
DA:110,0
DA:111,0
DA:112,0
DA:113,0
DA:114,0
LF:20
LH:0
BRDA:48,0,0,0
BRDA:48,0,1,0
BRDA:86,1,0,0
BRDA:86,1,1,0
BRF:4
BRH:0
end_of_record
TN:
SF:components/ui/button.tsx
FN:43,(anonymous_6)
FNF:1
FNH:1
FNDA:895,(anonymous_6)
DA:1,8
DA:2,8
DA:3,8
DA:5,8
DA:7,8
DA:42,8
DA:44,895
DA:54,8
DA:56,1106
LF:9
LH:9
BRDA:43,0,0,895
BRDA:44,1,0,0
BRDA:44,1,1,895
BRF:3
BRH:2
end_of_record
TN:
SF:components/ui/calendar.tsx
FN:12,Calendar
FNF:1
FNH:0
FNDA:0,Calendar
DA:3,0
DA:4,0
DA:5,0
DA:7,0
DA:8,0
DA:64,0
DA:66,0
LF:7
LH:0
BRDA:15,0,0,0
BRF:1
BRH:0
end_of_record
TN:
SF:components/ui/card.tsx
FNF:0
FNH:0
DA:1,8
DA:3,8
DA:18,8
DA:30,8
DA:45,8
DA:57,8
DA:65,8
DA:77,8
DA:79,220
LF:9
LH:9
BRF:0
BRH:0
end_of_record
TN:
SF:components/ui/carousel.tsx
FN:35,useCarousel
FN:49,(anonymous_11)
FN:71,(anonymous_12)
FN:80,(anonymous_13)
FN:84,(anonymous_14)
FN:89,(anonymous_15)
FN:101,(anonymous_16)
FN:109,(anonymous_17)
FN:118,(anonymous_18)
FN:156,(anonymous_19)
FN:178,(anonymous_20)
FN:200,(anonymous_21)
FN:229,(anonymous_22)
FNF:13
FNH:0
FNDA:0,useCarousel
FNDA:0,(anonymous_11)
FNDA:0,(anonymous_12)
FNDA:0,(anonymous_13)
FNDA:0,(anonymous_14)
FNDA:0,(anonymous_15)
FNDA:0,(anonymous_16)
FNDA:0,(anonymous_17)
FNDA:0,(anonymous_18)
FNDA:0,(anonymous_19)
FNDA:0,(anonymous_20)
FNDA:0,(anonymous_21)
FNDA:0,(anonymous_22)
DA:3,0
DA:6,0
DA:7,0
DA:9,0
DA:10,0
DA:33,0
DA:36,0
DA:38,0
DA:39,0
DA:42,0
DA:45,0
DA:61,0
DA:68,0
DA:69,0
DA:71,0
DA:72,0
DA:73,0
DA:76,0
DA:77,0
DA:80,0
DA:81,0
DA:84,0
DA:85,0
DA:88,0
DA:90,0
DA:91,0
DA:92,0
DA:93,0
DA:94,0
DA:95,0
DA:101,0
DA:102,0
DA:103,0
DA:106,0
DA:109,0
DA:110,0
DA:111,0
DA:114,0
DA:115,0
DA:116,0
DA:118,0
DA:119,0
DA:151,0
DA:153,0
DA:157,0
DA:173,0
DA:175,0
DA:179,0
DA:195,0
DA:197,0
DA:201,0
DA:224,0
DA:226,0
DA:230,0
DA:253,0
DA:257,0
DA:258,0
DA:259,0
DA:260,0
DA:261,0
LF:60
LH:0
BRDA:38,0,0,0
BRDA:38,0,1,0
BRDA:51,1,0,0
BRDA:64,2,0,0
BRDA:64,2,1,0
BRDA:72,3,0,0
BRDA:72,3,1,0
BRDA:90,4,0,0
BRDA:90,4,1,0
BRDA:93,5,0,0
BRDA:93,5,1,0
BRDA:102,6,0,0
BRDA:102,6,1,0
BRDA:102,7,0,0
BRDA:102,7,1,0
BRDA:110,8,0,0
BRDA:110,8,1,0
BRDA:130,9,0,0
BRDA:130,9,1,0
BRDA:130,10,0,0
BRDA:130,10,1,0
BRDA:165,11,0,0
BRDA:165,11,1,0
BRDA:188,12,0,0
BRDA:188,12,1,0
BRDA:200,13,0,0
BRDA:200,14,0,0
BRDA:210,15,0,0
BRDA:210,15,1,0
BRDA:229,16,0,0
BRDA:229,17,0,0
BRDA:239,18,0,0
BRDA:239,18,1,0
BRF:33
BRH:0
end_of_record
TN:
SF:components/ui/chart.tsx
FN:27,useChart
FN:45,(anonymous_11)
FN:70,(anonymous_12)
FN:72,(anonymous_13)
FN:84,(anonymous_14)
FN:87,(anonymous_15)
FN:116,(anonymous_16)
FN:136,(anonymous_17)
FN:188,(anonymous_18)
FN:269,(anonymous_19)
FN:288,(anonymous_20)
FN:320,getPayloadConfigFromPayload
FNF:12
FNH:0
FNDA:0,useChart
FNDA:0,(anonymous_11)
FNDA:0,(anonymous_12)
FNDA:0,(anonymous_13)
FNDA:0,(anonymous_14)
FNDA:0,(anonymous_15)
FNDA:0,(anonymous_16)
FNDA:0,(anonymous_17)
FNDA:0,(anonymous_18)
FNDA:0,(anonymous_19)
FNDA:0,(anonymous_20)
FNDA:0,getPayloadConfigFromPayload
DA:3,0
DA:4,0
DA:6,0
DA:9,0
DA:25,0
DA:28,0
DA:30,0
DA:31,0
DA:34,0
DA:37,0
DA:46,0
DA:47,0
DA:68,0
DA:70,0
DA:71,0
DA:72,0
DA:75,0
DA:76,0
DA:84,0
DA:89,0
DA:91,0
DA:103,0
DA:105,0
DA:134,0
DA:136,0
DA:137,0
DA:138,0
DA:141,0
DA:142,0
DA:143,0
DA:145,0
DA:149,0
DA:157,0
DA:158,0
DA:172,0
DA:173,0
DA:176,0
DA:189,0
DA:190,0
DA:191,0
DA:193,0
DA:257,0
DA:259,0
DA:261,0
DA:273,0
DA:275,0
DA:276,0
DA:289,0
DA:290,0
DA:292,0
DA:317,0
DA:325,0
DA:326,0
DA:330,0
DA:336,0
DA:338,0
DA:342,0
DA:343,0
DA:348,0
DA:353,0
DA:359,0
DA:360,0
DA:361,0
DA:362,0
DA:363,0
DA:364,0
LF:66
LH:0
BRDA:30,0,0,0
BRDA:30,0,1,0
BRDA:47,1,0,0
BRDA:47,1,1,0
BRDA:72,2,0,0
BRDA:72,2,1,0
BRDA:75,3,0,0
BRDA:75,3,1,0
BRDA:89,4,0,0
BRDA:89,4,1,0
BRDA:91,5,0,0
BRDA:91,5,1,0
BRDA:121,6,0,0
BRDA:122,7,0,0
BRDA:123,8,0,0
BRDA:137,9,0,0
BRDA:137,9,1,0
BRDA:137,10,0,0
BRDA:137,10,1,0
BRDA:142,11,0,0
BRDA:142,11,1,0
BRDA:142,11,2,0
BRDA:142,11,3,0
BRDA:145,12,0,0
BRDA:145,12,1,0
BRDA:145,13,0,0
BRDA:145,13,1,0
BRDA:146,14,0,0
BRDA:146,14,1,0
BRDA:149,15,0,0
BRDA:149,15,1,0
BRDA:157,16,0,0
BRDA:157,16,1,0
BRDA:172,17,0,0
BRDA:172,17,1,0
BRDA:172,18,0,0
BRDA:172,18,1,0
BRDA:176,19,0,0
BRDA:176,19,1,0
BRDA:186,20,0,0
BRDA:186,20,1,0
BRDA:189,21,0,0
BRDA:189,21,1,0
BRDA:189,21,2,0
BRDA:189,21,3,0
BRDA:191,22,0,0
BRDA:191,22,1,0
BRDA:191,22,2,0
BRDA:198,23,0,0
BRDA:198,23,1,0
BRDA:202,24,0,0
BRDA:201,25,0,0
BRDA:201,25,1,0
BRDA:201,25,2,0
BRDA:206,26,0,0
BRDA:208,27,0,0
BRDA:217,28,0,0
BRDA:217,28,1,0
BRDA:232,29,0,0
BRDA:232,29,1,0
BRDA:236,30,0,0
BRDA:236,30,1,0
BRDA:238,31,0,0
BRDA:238,31,1,0
BRDA:241,32,0,0
BRDA:270,33,0,0
BRDA:270,34,0,0
BRDA:275,35,0,0
BRDA:275,35,1,0
BRDA:284,36,0,0
BRDA:284,36,1,0
BRDA:289,37,0,0
BRDA:289,37,1,0
BRDA:289,37,2,0
BRDA:300,38,0,0
BRDA:299,39,0,0
BRDA:299,39,1,0
BRDA:325,40,0,0
BRDA:325,40,1,0
BRDA:325,41,0,0
BRDA:325,41,1,0
BRDA:330,42,0,0
BRDA:330,42,1,0
BRDA:330,43,0,0
BRDA:330,43,1,0
BRDA:330,43,2,0
BRDA:338,44,0,0
BRDA:338,44,1,0
BRDA:339,45,0,0
BRDA:339,45,1,0
BRDA:343,46,0,0
BRDA:343,46,1,0
BRDA:344,47,0,0
BRDA:344,47,1,0
BRDA:344,47,2,0
BRDA:353,48,0,0
BRDA:353,48,1,0
BRF:97
BRH:0
end_of_record
TN:
SF:components/ui/checkbox.tsx
FNF:0
FNH:0
DA:3,0
DA:4,0
DA:5,0
DA:7,0
DA:28,0
DA:30,0
LF:6
LH:0
BRF:0
BRH:0
end_of_record
TN:
SF:components/ui/collapsible.tsx
FNF:0
FNH:0
DA:3,0
DA:5,0
DA:7,0
DA:9,0
DA:11,0
LF:5
LH:0
BRF:0
BRH:0
end_of_record
TN:
SF:components/ui/command.tsx
FN:26,(anonymous_14)
FN:127,(anonymous_21)
FNF:2
FNH:0
FNDA:0,(anonymous_14)
FNDA:0,(anonymous_21)
DA:3,0
DA:5,0
DA:6,0
DA:8,0
DA:9,0
DA:24,0
DA:26,0
DA:55,0
DA:68,0
DA:81,0
DA:97,0
DA:109,0
DA:125,0
DA:127,0
DA:141,0
DA:144,0
DA:145,0
DA:146,0
DA:147,0
DA:148,0
DA:149,0
DA:150,0
DA:151,0
DA:152,0
LF:24
LH:0
BRF:0
BRH:0
end_of_record
TN:
SF:components/ui/context-menu.tsx
FN:168,(anonymous_27)
FNF:1
FNH:0
FNDA:0,(anonymous_27)
DA:3,0
DA:4,0
DA:5,0
DA:7,0
DA:9,0
DA:11,0
DA:13,0
DA:15,0
DA:17,0
DA:19,0
DA:40,0
DA:55,0
DA:72,0
DA:90,0
DA:113,0
DA:136,0
DA:154,0
DA:166,0
DA:168,0
DA:182,0
DA:185,0
DA:186,0
DA:187,0
DA:188,0
DA:189,0
DA:190,0
DA:191,0
DA:192,0
DA:193,0
DA:194,0
DA:195,0
DA:196,0
DA:197,0
DA:198,0
DA:199,0
LF:35
LH:0
BRDA:31,0,0,0
BRDA:31,0,1,0
BRDA:84,1,0,0
BRDA:84,1,1,0
BRDA:148,2,0,0
BRDA:148,2,1,0
BRF:6
BRH:0
end_of_record
TN:
SF:components/ui/dialog.tsx
FNF:0
FNH:0
DA:3,0
DA:4,0
DA:5,0
DA:7,0
DA:9,0
DA:11,0
DA:13,0
DA:15,0
DA:30,0
DA:54,0
DA:68,0
DA:82,0
DA:97,0
DA:109,0
DA:112,0
DA:113,0
DA:114,0
DA:115,0
DA:116,0
DA:117,0
DA:118,0
DA:119,0
DA:120,0
DA:121,0
LF:24
LH:0
BRF:0
BRH:0
end_of_record
TN:
SF:components/ui/drawer.tsx
FNF:0
FNH:0
DA:3,0
DA:4,0
DA:6,0
DA:17,0
DA:19,0
DA:21,0
DA:23,0
DA:35,0
DA:56,0
DA:67,0
DA:78,0
DA:93,0
DA:105,0
DA:108,0
DA:109,0
DA:110,0
DA:111,0
DA:112,0
DA:113,0
DA:114,0
DA:115,0
DA:116,0
DA:117,0
LF:23
LH:0
BRDA:9,0,0,0
BRF:1
BRH:0
end_of_record
TN:
SF:components/ui/dropdown-menu.tsx
FN:171,(anonymous_27)
FNF:1
FNH:0
FNDA:0,(anonymous_27)
DA:3,1
DA:4,1
DA:5,1
DA:7,1
DA:9,1
DA:11,1
DA:13,1
DA:15,1
DA:17,1
DA:19,1
DA:40,1
DA:56,1
DA:75,1
DA:93,1
DA:116,1
DA:139,1
DA:157,1
DA:169,1
DA:171,1
DA:182,1
DA:185,18
DA:186,18
DA:187,18
DA:188,58
DA:189,0
DA:190,0
DA:191,18
DA:192,27
DA:193,36
DA:194,9
DA:195,0
DA:196,0
DA:197,0
DA:198,0
DA:199,0
LF:35
LH:28
BRDA:31,0,0,0
BRDA:31,0,1,0
BRDA:62,1,0,18
BRDA:87,2,0,0
BRDA:87,2,1,0
BRDA:151,3,0,0
BRDA:151,3,1,0
BRF:7
BRH:1
end_of_record
TN:
SF:components/ui/form.tsx
FN:31,(anonymous_12)
FN:44,(anonymous_13)
FN:78,(anonymous_14)
FN:92,(anonymous_15)
FN:109,(anonymous_16)
FN:131,(anonymous_17)
FN:148,(anonymous_18)
FNF:7
FNH:0
FNDA:0,(anonymous_12)
FNDA:0,(anonymous_13)
FNDA:0,(anonymous_14)
FNDA:0,(anonymous_15)
FNDA:0,(anonymous_16)
FNDA:0,(anonymous_17)
FNDA:0,(anonymous_18)
DA:3,0
DA:5,0
DA:13,0
DA:15,0
DA:16,0
DA:18,0
DA:27,0
DA:31,0
DA:44,0
DA:45,0
DA:46,0
DA:47,0
DA:49,0
DA:51,0
DA:52,0
DA:55,0
DA:57,0
DA:71,0
DA:75,0
DA:79,0
DA:87,0
DA:89,0
DA:93,0
DA:104,0
DA:106,0
DA:110,0
DA:126,0
DA:128,0
DA:132,0
DA:143,0
DA:145,0
DA:149,0
DA:150,0
DA:152,0
DA:153,0
DA:167,0
DA:170,0
DA:171,0
DA:172,0
DA:173,0
DA:174,0
DA:175,0
DA:176,0
DA:177,0
LF:44
LH:0
BRDA:51,0,0,0
BRDA:51,0,1,0
BRDA:98,1,0,0
BRDA:98,1,1,0
BRDA:117,2,0,0
BRDA:117,2,1,0
BRDA:150,3,0,0
BRDA:150,3,1,0
BRDA:152,4,0,0
BRDA:152,4,1,0
BRF:10
BRH:0
end_of_record
TN:
SF:components/ui/hover-card.tsx
FNF:0
FNH:0
DA:3,0
DA:4,0
DA:6,0
DA:8,0
DA:10,0
DA:27,0
DA:29,0
LF:7
LH:0
BRDA:15,0,0,0
BRDA:15,1,0,0
BRF:2
BRH:0
end_of_record
TN:
SF:components/ui/input-otp.tsx
FN:36,(anonymous_10)
FNF:1
FNH:0
FNDA:0,(anonymous_10)
DA:3,0
DA:4,0
DA:5,0
DA:7,0
DA:23,0
DA:31,0
DA:33,0
DA:37,0
DA:38,0
DA:59,0
DA:69,0
DA:71,0
LF:12
LH:0
BRDA:45,0,0,0
BRDA:45,0,1,0
BRDA:51,1,0,0
BRF:3
BRH:0
end_of_record
TN:
SF:components/ui/input.tsx
FN:6,(anonymous_4)
FNF:1
FNH:1
FNDA:76,(anonymous_4)
DA:1,4
DA:3,4
DA:5,4
DA:20,4
DA:22,84
LF:5
LH:5
BRF:0
BRH:0
end_of_record
TN:
SF:components/ui/label.tsx
FNF:0
FNH:0
DA:3,0
DA:4,0
DA:5,0
DA:7,0
DA:9,0
DA:24,0
DA:26,0
LF:7
LH:0
BRF:0
BRH:0
end_of_record
TN:
SF:components/ui/menubar.tsx
FN:203,(anonymous_30)
FNF:1
FNH:0
FNDA:0,(anonymous_30)
DA:3,0
DA:4,0
DA:5,0
DA:7,0
DA:9,0
DA:11,0
DA:13,0
DA:15,0
DA:17,0
DA:32,0
DA:47,0
DA:68,0
DA:83,0
DA:108,0
DA:126,0
DA:149,0
DA:171,0
DA:189,0
DA:201,0
DA:203,0
DA:217,0
DA:220,0
DA:221,0
DA:222,0
DA:223,0
DA:224,0
DA:225,0
DA:226,0
DA:227,0
DA:228,0
DA:229,0
DA:230,0
DA:231,0
DA:232,0
DA:233,0
DA:234,0
DA:235,0
LF:37
LH:0
BRDA:59,0,0,0
BRDA:59,0,1,0
BRDA:90,1,0,0
BRDA:90,2,0,0
BRDA:90,3,0,0
BRDA:120,4,0,0
BRDA:120,4,1,0
BRDA:183,5,0,0
BRDA:183,5,1,0
BRF:9
BRH:0
end_of_record
TN:
SF:components/ui/navigation-menu.tsx
FNF:0
FNH:0
DA:1,0
DA:2,0
DA:3,0
DA:4,0
DA:6,0
DA:24,0
DA:39,0
DA:41,0
DA:43,0
DA:63,0
DA:78,0
DA:80,0
DA:97,0
DA:115,0
DA:119,0
DA:120,0
DA:121,0
DA:122,0
DA:123,0
DA:124,0
DA:125,0
DA:126,0
DA:127,0
LF:23
LH:0
BRF:0
BRH:0
end_of_record
TN:
SF:components/ui/pagination.tsx
FNF:0
FNH:0
DA:1,0
DA:2,0
DA:4,0
DA:5,0
DA:15,0
DA:27,0
DA:35,0
DA:60,0
DA:76,0
DA:92,0
DA:107,0
DA:110,0
DA:111,0
DA:112,0
DA:113,0
DA:114,0
DA:115,0
DA:116,0
LF:18
LH:0
BRDA:45,0,0,0
BRDA:49,1,0,0
BRDA:49,1,1,0
BRDA:52,2,0,0
BRDA:52,2,1,0
BRF:5
BRH:0
end_of_record
TN:
SF:components/ui/popover.tsx
FNF:0
FNH:0
DA:3,0
DA:4,0
DA:6,0
DA:8,0
DA:10,0
DA:29,0
DA:31,0
LF:7
LH:0
BRDA:15,0,0,0
BRDA:15,1,0,0
BRF:2
BRH:0
end_of_record
TN:
SF:components/ui/progress.tsx
FNF:0
FNH:0
DA:3,0
DA:4,0
DA:6,0
DA:26,0
DA:28,0
LF:5
LH:0
BRDA:22,0,0,0
BRDA:22,0,1,0
BRF:2
BRH:0
end_of_record
TN:
SF:components/ui/radio-group.tsx
FN:12,(anonymous_6)
FN:26,(anonymous_7)
FNF:2
FNH:0
FNDA:0,(anonymous_6)
FNDA:0,(anonymous_7)
DA:3,0
DA:4,0
DA:5,0
DA:7,0
DA:9,0
DA:21,0
DA:23,0
DA:42,0
DA:44,0
LF:9
LH:0
BRF:0
BRH:0
end_of_record
TN:
SF:components/ui/resizable.tsx
FNF:0
FNH:0
DA:3,0
DA:4,0
DA:6,0
DA:21,0
DA:45,0
LF:5
LH:0
BRDA:37,0,0,0
BRF:1
BRH:0
end_of_record
TN:
SF:components/ui/scroll-area.tsx
FNF:0
FNH:0
DA:3,0
DA:4,0
DA:6,0
DA:24,0
DA:46,0
DA:48,0
LF:6
LH:0
BRDA:29,0,0,0
BRDA:35,1,0,0
BRDA:35,1,1,0
BRDA:37,2,0,0
BRDA:37,2,1,0
BRF:5
BRH:0
end_of_record
TN:
SF:components/ui/select.tsx
FNF:0
FNH:0
DA:3,0
DA:4,0
DA:5,0
DA:7,0
DA:9,0
DA:11,0
DA:13,0
DA:33,0
DA:50,0
DA:67,0
DA:100,0
DA:112,0
DA:135,0
DA:147,0
DA:150,0
DA:151,0
DA:152,0
DA:153,0
DA:154,0
DA:155,0
DA:156,0
DA:157,0
DA:158,0
DA:159,0
LF:24
LH:0
BRDA:73,0,0,0
BRDA:79,1,0,0
BRDA:79,1,1,0
BRDA:90,2,0,0
BRDA:90,2,1,0
BRF:5
BRH:0
end_of_record
TN:
SF:components/ui/separator.tsx
FNF:0
FNH:0
DA:3,1
DA:4,1
DA:6,1
DA:29,1
DA:31,84
LF:5
LH:5
BRDA:13,0,0,84
BRDA:13,1,0,84
BRDA:22,2,0,84
BRDA:22,2,1,0
BRF:4
BRH:3
end_of_record
TN:
SF:components/ui/sheet.tsx
FNF:0
FNH:0
DA:3,0
DA:4,0
DA:5,0
DA:6,0
DA:8,0
DA:10,0
DA:12,0
DA:14,0
DA:16,0
DA:31,0
DA:33,0
DA:75,0
DA:89,0
DA:103,0
DA:115,0
DA:127,0
DA:130,0
DA:131,0
DA:132,0
DA:133,0
DA:134,0
DA:135,0
DA:136,0
DA:137,0
DA:138,0
DA:139,0
LF:26
LH:0
BRDA:59,0,0,0
BRF:1
BRH:0
end_of_record
TN:
SF:components/ui/sidebar.tsx
FN:41,useSidebar
FN:58,(anonymous_29)
FN:78,(anonymous_30)
FN:93,(anonymous_31)
FN:95,(anonymous_32)
FN:96,(anonymous_33)
FN:100,(anonymous_34)
FN:101,(anonymous_35)
FN:112,(anonymous_36)
FN:120,(anonymous_37)
FN:167,(anonymous_38)
FN:265,(anonymous_39)
FN:275,(anonymous_40)
FN:291,(anonymous_41)
FN:320,(anonymous_42)
FN:338,(anonymous_43)
FN:356,(anonymous_44)
FN:371,(anonymous_45)
FN:386,(anonymous_46)
FN:401,(anonymous_47)
FN:419,(anonymous_48)
FN:434,(anonymous_49)
FN:455,(anonymous_50)
FN:544,(anonymous_54)
FN:601,(anonymous_55)
FN:652,(anonymous_57)
FN:654,(anonymous_58)
FN:715,(anonymous_61)
FNF:28
FNH:0
FNDA:0,useSidebar
FNDA:0,(anonymous_29)
FNDA:0,(anonymous_30)
FNDA:0,(anonymous_31)
FNDA:0,(anonymous_32)
FNDA:0,(anonymous_33)
FNDA:0,(anonymous_34)
FNDA:0,(anonymous_35)
FNDA:0,(anonymous_36)
FNDA:0,(anonymous_37)
FNDA:0,(anonymous_38)
FNDA:0,(anonymous_39)
FNDA:0,(anonymous_40)
FNDA:0,(anonymous_41)
FNDA:0,(anonymous_42)
FNDA:0,(anonymous_43)
FNDA:0,(anonymous_44)
FNDA:0,(anonymous_45)
FNDA:0,(anonymous_46)
FNDA:0,(anonymous_47)
FNDA:0,(anonymous_48)
FNDA:0,(anonymous_49)
FNDA:0,(anonymous_50)
FNDA:0,(anonymous_54)
FNDA:0,(anonymous_55)
FNDA:0,(anonymous_57)
FNDA:0,(anonymous_58)
FNDA:0,(anonymous_61)
DA:3,0
DA:4,0
DA:5,0
DA:6,0
DA:8,0
DA:9,0
DA:10,0
DA:11,0
DA:12,0
DA:13,0
DA:14,0
DA:20,0
DA:22,0
DA:23,0
DA:24,0
DA:25,0
DA:26,0
DA:27,0
DA:39,0
DA:42,0
DA:43,0
DA:44,0
DA:47,0
DA:50,0
DA:70,0
DA:71,0
DA:75,0
DA:76,0
DA:77,0
DA:79,0
DA:80,0
DA:81,0
DA:83,0
DA:87,0
DA:93,0
DA:94,0
DA:95,0
DA:96,0
DA:100,0
DA:101,0
DA:102,0
DA:106,0
DA:107,0
DA:111,0
DA:112,0
DA:117,0
DA:119,0
DA:120,0
DA:157,0
DA:159,0
DA:178,0
DA:180,0
DA:195,0
DA:260,0
DA:262,0
DA:266,0
DA:276,0
DA:277,0
DA:286,0
DA:288,0
DA:292,0
DA:315,0
DA:317,0
DA:333,0
DA:335,0
DA:351,0
DA:353,0
DA:366,0
DA:368,0
DA:381,0
DA:383,0
DA:396,0
DA:398,0
DA:414,0
DA:416,0
DA:429,0
DA:431,0
DA:435,0
DA:450,0
DA:452,0
DA:456,0
DA:473,0
DA:486,0
DA:499,0
DA:512,0
DA:514,0
DA:536,0
DA:556,0
DA:557,0
DA:570,0
DA:571,0
DA:574,0
DA:575,0
DA:593,0
DA:595,0
DA:602,0
DA:624,0
DA:645,0
DA:647,0
DA:654,0
DA:655,0
DA:683,0
DA:700,0
DA:706,0
DA:708,0
DA:716,0
DA:736,0
DA:739,0
DA:740,0
DA:741,0
DA:742,0
DA:743,0
DA:744,0
DA:745,0
DA:746,0
DA:747,0
DA:748,0
DA:749,0
DA:750,0
DA:751,0
DA:752,0
DA:753,0
DA:754,0
DA:755,0
DA:756,0
DA:757,0
DA:758,0
DA:759,0
DA:760,0
DA:761,0
DA:762,0
LF:131
LH:0
BRDA:43,0,0,0
BRDA:43,0,1,0
BRDA:60,1,0,0
BRDA:76,2,0,0
BRDA:76,2,1,0
BRDA:79,3,0,0
BRDA:79,3,1,0
BRDA:80,4,0,0
BRDA:80,4,1,0
BRDA:94,5,0,0
BRDA:94,5,1,0
BRDA:102,6,0,0
BRDA:102,6,1,0
BRDA:103,7,0,0
BRDA:103,7,1,0
BRDA:103,7,2,0
BRDA:117,8,0,0
BRDA:117,8,1,0
BRDA:169,9,0,0
BRDA:170,10,0,0
BRDA:171,11,0,0
BRDA:180,12,0,0
BRDA:180,12,1,0
BRDA:195,13,0,0
BRDA:195,13,1,0
BRDA:220,14,0,0
BRDA:220,14,1,0
BRDA:230,15,0,0
BRDA:230,15,1,0
BRDA:230,16,0,0
BRDA:230,16,1,0
BRDA:238,17,0,0
BRDA:238,17,1,0
BRDA:242,18,0,0
BRDA:242,18,1,0
BRDA:242,19,0,0
BRDA:242,19,1,0
BRDA:434,20,0,0
BRDA:435,21,0,0
BRDA:435,21,1,0
BRDA:455,22,0,0
BRDA:456,23,0,0
BRDA:456,23,1,0
BRDA:546,24,0,0
BRDA:547,25,0,0
BRDA:548,26,0,0
BRDA:549,27,0,0
BRDA:556,28,0,0
BRDA:556,28,1,0
BRDA:570,29,0,0
BRDA:570,29,1,0
BRDA:574,30,0,0
BRDA:574,30,1,0
BRDA:586,31,0,0
BRDA:586,31,1,0
BRDA:601,32,0,0
BRDA:601,33,0,0
BRDA:602,34,0,0
BRDA:602,34,1,0
BRDA:616,35,0,0
BRDA:616,35,1,0
BRDA:652,36,0,0
BRDA:665,37,0,0
BRDA:715,38,0,0
BRDA:715,39,0,0
BRDA:716,40,0,0
BRDA:716,40,1,0
BRDA:727,41,0,0
BRDA:727,41,1,0
BRDA:728,42,0,0
BRDA:728,42,1,0
BRF:71
BRH:0
end_of_record
TN:
SF:components/ui/skeleton.tsx
FN:3,Skeleton
FNF:1
FNH:0
FNDA:0,Skeleton
DA:1,0
DA:15,0
LF:2
LH:0
BRF:0
BRH:0
end_of_record
TN:
SF:components/ui/slider.tsx
FNF:0
FNH:0
DA:3,5
DA:4,5
DA:6,5
DA:26,5
DA:28,257
LF:5
LH:5
BRF:0
BRH:0
end_of_record
TN:
SF:components/ui/sonner.tsx
FN:8,(anonymous_1)
FNF:1
FNH:0
FNDA:0,(anonymous_1)
DA:3,0
DA:4,0
DA:8,0
DA:9,0
DA:31,0
LF:5
LH:0
BRDA:9,0,0,0
BRF:1
BRH:0
end_of_record
TN:
SF:components/ui/switch.tsx
FNF:0
FNH:0
DA:3,1
DA:4,1
DA:6,1
DA:27,1
DA:29,28
LF:5
LH:5
BRF:0
BRH:0
end_of_record
TN:
SF:components/ui/table.tsx
FNF:0
FNH:0
DA:1,0
DA:3,0
DA:17,0
DA:25,0
DA:37,0
DA:52,0
DA:67,0
DA:82,0
DA:94,0
DA:106,0
DA:109,0
DA:110,0
DA:111,0
DA:112,0
DA:113,0
DA:114,0
DA:115,0
DA:116,0
LF:18
LH:0
BRF:0
BRH:0
end_of_record
TN:
SF:components/ui/tabs.tsx
FNF:0
FNH:0
DA:3,1
DA:4,1
DA:6,1
DA:8,1
DA:23,1
DA:38,1
DA:53,1
DA:55,75
LF:8
LH:8
BRF:0
BRH:0
end_of_record
TN:
SF:components/ui/textarea.tsx
FN:8,(anonymous_4)
FNF:1
FNH:1
FNDA:66,(anonymous_4)
DA:1,5
DA:3,5
DA:5,5
DA:20,5
DA:22,66
LF:5
LH:5
BRF:0
BRH:0
end_of_record
TN:
SF:components/ui/toast.tsx
FN:53,(anonymous_12)
FNF:1
FNH:0
FNDA:0,(anonymous_12)
DA:3,0
DA:4,0
DA:5,0
DA:6,0
DA:8,0
DA:10,0
DA:25,0
DA:27,0
DA:49,0
DA:62,0
DA:77,0
DA:95,0
DA:107,0
DA:119,0
DA:128,0
DA:129,0
DA:130,0
DA:131,0
DA:132,0
DA:133,0
DA:134,0
LF:21
LH:0
BRF:0
BRH:0
end_of_record
TN:
SF:components/ui/toaster.tsx
FN:13,Toaster
FN:18,(anonymous_2)
FNF:2
FNH:0
FNDA:0,Toaster
FNDA:0,(anonymous_2)
DA:3,0
DA:11,0
DA:13,0
DA:14,0
DA:19,0
LF:5
LH:0
BRDA:22,0,0,0
BRDA:23,1,0,0
BRF:2
BRH:0
end_of_record
TN:
SF:components/ui/toggle-group.tsx
FN:39,(anonymous_7)
FNF:1
FNH:0
FNDA:0,(anonymous_7)
DA:3,0
DA:4,0
DA:7,0
DA:8,0
DA:10,0
DA:33,0
DA:35,0
DA:40,0
DA:59,0
DA:61,0
LF:10
LH:0
BRDA:47,0,0,0
BRDA:47,0,1,0
BRDA:48,1,0,0
BRDA:48,1,1,0
BRF:4
BRH:0
end_of_record
TN:
SF:components/ui/toggle.tsx
FNF:0
FNH:0
DA:3,0
DA:4,0
DA:5,0
DA:7,0
DA:9,0
DA:43,0
DA:45,0
LF:7
LH:0
BRF:0
BRH:0
end_of_record
TN:
SF:components/ui/tooltip.tsx
FNF:0
FNH:0
DA:3,0
DA:4,0
DA:6,0
DA:8,0
DA:10,0
DA:12,0
DA:28,0
DA:30,0
LF:8
LH:0
BRDA:17,0,0,0
BRF:1
BRH:0
end_of_record
TN:
SF:components/ui/use-mobile.tsx
FN:5,useIsMobile
FN:8,(anonymous_5)
FN:10,(anonymous_6)
FN:15,(anonymous_7)
FNF:4
FNH:0
FNDA:0,useIsMobile
FNDA:0,(anonymous_5)
FNDA:0,(anonymous_6)
FNDA:0,(anonymous_7)
DA:1,0
DA:3,0
DA:5,0
DA:6,0
DA:8,0
DA:9,0
DA:10,0
DA:11,0
DA:13,0
DA:14,0
DA:15,0
DA:18,0
LF:12
LH:0
BRF:0
BRH:0
end_of_record
TN:
SF:components/ui/use-toast.ts
FN:30,genId
FN:61,(anonymous_8)
FN:66,(anonymous_9)
FN:77,(anonymous_10)
FN:88,(anonymous_11)
FN:101,(anonymous_12)
FN:108,(anonymous_13)
FN:127,(anonymous_14)
FN:136,dispatch
FN:138,(anonymous_16)
FN:145,toast
FN:148,(anonymous_18)
FN:153,(anonymous_19)
FN:161,(anonymous_20)
FN:174,useToast
FN:177,(anonymous_22)
FN:179,(anonymous_23)
FN:190,(anonymous_24)
FNF:18
FNH:0
FNDA:0,genId
FNDA:0,(anonymous_8)
FNDA:0,(anonymous_9)
FNDA:0,(anonymous_10)
FNDA:0,(anonymous_11)
FNDA:0,(anonymous_12)
FNDA:0,(anonymous_13)
FNDA:0,(anonymous_14)
FNDA:0,dispatch
FNDA:0,(anonymous_16)
FNDA:0,toast
FNDA:0,(anonymous_18)
FNDA:0,(anonymous_19)
FNDA:0,(anonymous_20)
FNDA:0,useToast
FNDA:0,(anonymous_22)
FNDA:0,(anonymous_23)
FNDA:0,(anonymous_24)
DA:4,0
DA:11,0
DA:12,0
DA:21,0
DA:28,0
DA:31,0
DA:32,0
DA:59,0
DA:61,0
DA:62,0
DA:63,0
DA:66,0
DA:67,0
DA:68,0
DA:74,0
DA:77,0
DA:78,0
DA:80,0
DA:86,0
DA:89,0
DA:94,0
DA:98,0
DA:99,0
DA:101,0
DA:102,0
DA:106,0
DA:109,0
DA:119,0
DA:120,0
DA:125,0
DA:127,0
DA:132,0
DA:134,0
DA:137,0
DA:138,0
DA:139,0
DA:146,0
DA:148,0
DA:149,0
DA:153,0
DA:155,0
DA:162,0
DA:167,0
DA:175,0
DA:177,0
DA:178,0
DA:179,0
DA:180,0
DA:181,0
DA:182,0
DA:187,0
DA:190,0
DA:194,0
LF:53
LH:0
BRDA:62,0,0,0
BRDA:62,0,1,0
BRDA:78,1,0,0
BRDA:78,1,1,0
BRDA:78,1,2,0
BRDA:78,1,3,0
BRDA:89,2,0,0
BRDA:89,2,1,0
BRDA:98,3,0,0
BRDA:98,3,1,0
BRDA:109,4,0,0
BRDA:109,4,1,0
BRDA:109,5,0,0
BRDA:109,5,1,0
BRDA:119,6,0,0
BRDA:119,6,1,0
BRDA:162,7,0,0
BRDA:162,7,1,0
BRDA:181,8,0,0
BRDA:181,8,1,0
BRF:20
BRH:0
end_of_record
